The system is: Linux - 5.8.0-53-generic - x86_64
Compiling the C compiler identification source file "CMakeCCompilerId.c" succeeded.
Compiler: /usr/bin/cc 
Build flags: 
Id flags:  

The output was:
0


Compilation of the C compiler identification source "CMakeCCompilerId.c" produced "a.out"

The C compiler identification is GNU, found in "/home/bartosz/Arko/allegro-5.2.7.0/build/CMakeFiles/3.16.3/CompilerIdC/a.out"

Compiling the CXX compiler identification source file "CMakeCXXCompilerId.cpp" succeeded.
Compiler: /usr/bin/c++ 
Build flags: 
Id flags:  

The output was:
0


Compilation of the CXX compiler identification source "CMakeCXXCompilerId.cpp" produced "a.out"

The CXX compiler identification is GNU, found in "/home/bartosz/Arko/allegro-5.2.7.0/build/CMakeFiles/3.16.3/CompilerIdCXX/a.out"

Determining if the C compiler works passed with the following output:
Change Dir: /home/bartosz/Arko/allegro-5.2.7.0/build/CMakeFiles/CMakeTmp

Run Build Command(s):/usr/bin/make cmTC_aa605/fast && /usr/bin/make -f CMakeFiles/cmTC_aa605.dir/build.make CMakeFiles/cmTC_aa605.dir/build
make[1]: Entering directory '/home/bartosz/Arko/allegro-5.2.7.0/build/CMakeFiles/CMakeTmp'
Building C object CMakeFiles/cmTC_aa605.dir/testCCompiler.c.o
/usr/bin/cc    -o CMakeFiles/cmTC_aa605.dir/testCCompiler.c.o   -c /home/bartosz/Arko/allegro-5.2.7.0/build/CMakeFiles/CMakeTmp/testCCompiler.c
Linking C executable cmTC_aa605
/usr/bin/cmake -E cmake_link_script CMakeFiles/cmTC_aa605.dir/link.txt --verbose=1
/usr/bin/cc      -rdynamic CMakeFiles/cmTC_aa605.dir/testCCompiler.c.o  -o cmTC_aa605 
make[1]: Leaving directory '/home/bartosz/Arko/allegro-5.2.7.0/build/CMakeFiles/CMakeTmp'



Detecting C compiler ABI info compiled with the following output:
Change Dir: /home/bartosz/Arko/allegro-5.2.7.0/build/CMakeFiles/CMakeTmp

Run Build Command(s):/usr/bin/make cmTC_7e59e/fast && /usr/bin/make -f CMakeFiles/cmTC_7e59e.dir/build.make CMakeFiles/cmTC_7e59e.dir/build
make[1]: Entering directory '/home/bartosz/Arko/allegro-5.2.7.0/build/CMakeFiles/CMakeTmp'
Building C object CMakeFiles/cmTC_7e59e.dir/CMakeCCompilerABI.c.o
/usr/bin/cc   -v -o CMakeFiles/cmTC_7e59e.dir/CMakeCCompilerABI.c.o   -c /usr/share/cmake-3.16/Modules/CMakeCCompilerABI.c
Using built-in specs.
COLLECT_GCC=/usr/bin/cc
OFFLOAD_TARGET_NAMES=nvptx-none:hsa
OFFLOAD_TARGET_DEFAULT=1
Target: x86_64-linux-gnu
Configured with: ../src/configure -v --with-pkgversion='Ubuntu 9.3.0-17ubuntu1~20.04' --with-bugurl=file:///usr/share/doc/gcc-9/README.Bugs --enable-languages=c,ada,c++,go,brig,d,fortran,objc,obj-c++,gm2 --prefix=/usr --with-gcc-major-version-only --program-suffix=-9 --program-prefix=x86_64-linux-gnu- --enable-shared --enable-linker-build-id --libexecdir=/usr/lib --without-included-gettext --enable-threads=posix --libdir=/usr/lib --enable-nls --enable-clocale=gnu --enable-libstdcxx-debug --enable-libstdcxx-time=yes --with-default-libstdcxx-abi=new --enable-gnu-unique-object --disable-vtable-verify --enable-plugin --enable-default-pie --with-system-zlib --with-target-system-zlib=auto --enable-objc-gc=auto --enable-multiarch --disable-werror --with-arch-32=i686 --with-abi=m64 --with-multilib-list=m32,m64,mx32 --enable-multilib --with-tune=generic --enable-offload-targets=nvptx-none=/build/gcc-9-HskZEa/gcc-9-9.3.0/debian/tmp-nvptx/usr,hsa --without-cuda-driver --enable-checking=release --build=x86_64-linux-gnu --host=x86_64-linux-gnu --target=x86_64-linux-gnu
Thread model: posix
gcc version 9.3.0 (Ubuntu 9.3.0-17ubuntu1~20.04) 
COLLECT_GCC_OPTIONS='-v' '-o' 'CMakeFiles/cmTC_7e59e.dir/CMakeCCompilerABI.c.o' '-c' '-mtune=generic' '-march=x86-64'
 /usr/lib/gcc/x86_64-linux-gnu/9/cc1 -quiet -v -imultiarch x86_64-linux-gnu /usr/share/cmake-3.16/Modules/CMakeCCompilerABI.c -quiet -dumpbase CMakeCCompilerABI.c -mtune=generic -march=x86-64 -auxbase-strip CMakeFiles/cmTC_7e59e.dir/CMakeCCompilerABI.c.o -version -fasynchronous-unwind-tables -fstack-protector-strong -Wformat -Wformat-security -fstack-clash-protection -fcf-protection -o /tmp/ccanO2kx.s
GNU C17 (Ubuntu 9.3.0-17ubuntu1~20.04) version 9.3.0 (x86_64-linux-gnu)
	compiled by GNU C version 9.3.0, GMP version 6.2.0, MPFR version 4.0.2, MPC version 1.1.0, isl version isl-0.22.1-GMP

GGC heuristics: --param ggc-min-expand=100 --param ggc-min-heapsize=131072
ignoring nonexistent directory "/usr/local/include/x86_64-linux-gnu"
ignoring nonexistent directory "/usr/lib/gcc/x86_64-linux-gnu/9/include-fixed"
ignoring nonexistent directory "/usr/lib/gcc/x86_64-linux-gnu/9/../../../../x86_64-linux-gnu/include"
#include "..." search starts here:
#include <...> search starts here:
 /usr/lib/gcc/x86_64-linux-gnu/9/include
 /usr/local/include
 /usr/include/x86_64-linux-gnu
 /usr/include
End of search list.
GNU C17 (Ubuntu 9.3.0-17ubuntu1~20.04) version 9.3.0 (x86_64-linux-gnu)
	compiled by GNU C version 9.3.0, GMP version 6.2.0, MPFR version 4.0.2, MPC version 1.1.0, isl version isl-0.22.1-GMP

GGC heuristics: --param ggc-min-expand=100 --param ggc-min-heapsize=131072
Compiler executable checksum: bbf13931d8de1abe14040c9909cb6969
COLLECT_GCC_OPTIONS='-v' '-o' 'CMakeFiles/cmTC_7e59e.dir/CMakeCCompilerABI.c.o' '-c' '-mtune=generic' '-march=x86-64'
 as -v --64 -o CMakeFiles/cmTC_7e59e.dir/CMakeCCompilerABI.c.o /tmp/ccanO2kx.s
GNU assembler version 2.34 (x86_64-linux-gnu) using BFD version (GNU Binutils for Ubuntu) 2.34
COMPILER_PATH=/usr/lib/gcc/x86_64-linux-gnu/9/:/usr/lib/gcc/x86_64-linux-gnu/9/:/usr/lib/gcc/x86_64-linux-gnu/:/usr/lib/gcc/x86_64-linux-gnu/9/:/usr/lib/gcc/x86_64-linux-gnu/
LIBRARY_PATH=/usr/lib/gcc/x86_64-linux-gnu/9/:/usr/lib/gcc/x86_64-linux-gnu/9/../../../x86_64-linux-gnu/:/usr/lib/gcc/x86_64-linux-gnu/9/../../../../lib/:/lib/x86_64-linux-gnu/:/lib/../lib/:/usr/lib/x86_64-linux-gnu/:/usr/lib/../lib/:/usr/lib/gcc/x86_64-linux-gnu/9/../../../:/lib/:/usr/lib/
COLLECT_GCC_OPTIONS='-v' '-o' 'CMakeFiles/cmTC_7e59e.dir/CMakeCCompilerABI.c.o' '-c' '-mtune=generic' '-march=x86-64'
Linking C executable cmTC_7e59e
/usr/bin/cmake -E cmake_link_script CMakeFiles/cmTC_7e59e.dir/link.txt --verbose=1
/usr/bin/cc     -v -rdynamic CMakeFiles/cmTC_7e59e.dir/CMakeCCompilerABI.c.o  -o cmTC_7e59e 
Using built-in specs.
COLLECT_GCC=/usr/bin/cc
COLLECT_LTO_WRAPPER=/usr/lib/gcc/x86_64-linux-gnu/9/lto-wrapper
OFFLOAD_TARGET_NAMES=nvptx-none:hsa
OFFLOAD_TARGET_DEFAULT=1
Target: x86_64-linux-gnu
Configured with: ../src/configure -v --with-pkgversion='Ubuntu 9.3.0-17ubuntu1~20.04' --with-bugurl=file:///usr/share/doc/gcc-9/README.Bugs --enable-languages=c,ada,c++,go,brig,d,fortran,objc,obj-c++,gm2 --prefix=/usr --with-gcc-major-version-only --program-suffix=-9 --program-prefix=x86_64-linux-gnu- --enable-shared --enable-linker-build-id --libexecdir=/usr/lib --without-included-gettext --enable-threads=posix --libdir=/usr/lib --enable-nls --enable-clocale=gnu --enable-libstdcxx-debug --enable-libstdcxx-time=yes --with-default-libstdcxx-abi=new --enable-gnu-unique-object --disable-vtable-verify --enable-plugin --enable-default-pie --with-system-zlib --with-target-system-zlib=auto --enable-objc-gc=auto --enable-multiarch --disable-werror --with-arch-32=i686 --with-abi=m64 --with-multilib-list=m32,m64,mx32 --enable-multilib --with-tune=generic --enable-offload-targets=nvptx-none=/build/gcc-9-HskZEa/gcc-9-9.3.0/debian/tmp-nvptx/usr,hsa --without-cuda-driver --enable-checking=release --build=x86_64-linux-gnu --host=x86_64-linux-gnu --target=x86_64-linux-gnu
Thread model: posix
gcc version 9.3.0 (Ubuntu 9.3.0-17ubuntu1~20.04) 
COMPILER_PATH=/usr/lib/gcc/x86_64-linux-gnu/9/:/usr/lib/gcc/x86_64-linux-gnu/9/:/usr/lib/gcc/x86_64-linux-gnu/:/usr/lib/gcc/x86_64-linux-gnu/9/:/usr/lib/gcc/x86_64-linux-gnu/
LIBRARY_PATH=/usr/lib/gcc/x86_64-linux-gnu/9/:/usr/lib/gcc/x86_64-linux-gnu/9/../../../x86_64-linux-gnu/:/usr/lib/gcc/x86_64-linux-gnu/9/../../../../lib/:/lib/x86_64-linux-gnu/:/lib/../lib/:/usr/lib/x86_64-linux-gnu/:/usr/lib/../lib/:/usr/lib/gcc/x86_64-linux-gnu/9/../../../:/lib/:/usr/lib/
COLLECT_GCC_OPTIONS='-v' '-rdynamic' '-o' 'cmTC_7e59e' '-mtune=generic' '-march=x86-64'
 /usr/lib/gcc/x86_64-linux-gnu/9/collect2 -plugin /usr/lib/gcc/x86_64-linux-gnu/9/liblto_plugin.so -plugin-opt=/usr/lib/gcc/x86_64-linux-gnu/9/lto-wrapper -plugin-opt=-fresolution=/tmp/cc7Hk0rX.res -plugin-opt=-pass-through=-lgcc -plugin-opt=-pass-through=-lgcc_s -plugin-opt=-pass-through=-lc -plugin-opt=-pass-through=-lgcc -plugin-opt=-pass-through=-lgcc_s --build-id --eh-frame-hdr -m elf_x86_64 --hash-style=gnu --as-needed -export-dynamic -dynamic-linker /lib64/ld-linux-x86-64.so.2 -pie -z now -z relro -o cmTC_7e59e /usr/lib/gcc/x86_64-linux-gnu/9/../../../x86_64-linux-gnu/Scrt1.o /usr/lib/gcc/x86_64-linux-gnu/9/../../../x86_64-linux-gnu/crti.o /usr/lib/gcc/x86_64-linux-gnu/9/crtbeginS.o -L/usr/lib/gcc/x86_64-linux-gnu/9 -L/usr/lib/gcc/x86_64-linux-gnu/9/../../../x86_64-linux-gnu -L/usr/lib/gcc/x86_64-linux-gnu/9/../../../../lib -L/lib/x86_64-linux-gnu -L/lib/../lib -L/usr/lib/x86_64-linux-gnu -L/usr/lib/../lib -L/usr/lib/gcc/x86_64-linux-gnu/9/../../.. CMakeFiles/cmTC_7e59e.dir/CMakeCCompilerABI.c.o -lgcc --push-state --as-needed -lgcc_s --pop-state -lc -lgcc --push-state --as-needed -lgcc_s --pop-state /usr/lib/gcc/x86_64-linux-gnu/9/crtendS.o /usr/lib/gcc/x86_64-linux-gnu/9/../../../x86_64-linux-gnu/crtn.o
COLLECT_GCC_OPTIONS='-v' '-rdynamic' '-o' 'cmTC_7e59e' '-mtune=generic' '-march=x86-64'
make[1]: Leaving directory '/home/bartosz/Arko/allegro-5.2.7.0/build/CMakeFiles/CMakeTmp'



Parsed C implicit include dir info from above output: rv=done
  found start of include info
  found start of implicit include info
    add: [/usr/lib/gcc/x86_64-linux-gnu/9/include]
    add: [/usr/local/include]
    add: [/usr/include/x86_64-linux-gnu]
    add: [/usr/include]
  end of search list found
  collapse include dir [/usr/lib/gcc/x86_64-linux-gnu/9/include] ==> [/usr/lib/gcc/x86_64-linux-gnu/9/include]
  collapse include dir [/usr/local/include] ==> [/usr/local/include]
  collapse include dir [/usr/include/x86_64-linux-gnu] ==> [/usr/include/x86_64-linux-gnu]
  collapse include dir [/usr/include] ==> [/usr/include]
  implicit include dirs: [/usr/lib/gcc/x86_64-linux-gnu/9/include;/usr/local/include;/usr/include/x86_64-linux-gnu;/usr/include]


Parsed C implicit link information from above output:
  link line regex: [^( *|.*[/\])(ld|CMAKE_LINK_STARTFILE-NOTFOUND|([^/\]+-)?ld|collect2)[^/\]*( |$)]
  ignore line: [Change Dir: /home/bartosz/Arko/allegro-5.2.7.0/build/CMakeFiles/CMakeTmp]
  ignore line: []
  ignore line: [Run Build Command(s):/usr/bin/make cmTC_7e59e/fast && /usr/bin/make -f CMakeFiles/cmTC_7e59e.dir/build.make CMakeFiles/cmTC_7e59e.dir/build]
  ignore line: [make[1]: Entering directory '/home/bartosz/Arko/allegro-5.2.7.0/build/CMakeFiles/CMakeTmp']
  ignore line: [Building C object CMakeFiles/cmTC_7e59e.dir/CMakeCCompilerABI.c.o]
  ignore line: [/usr/bin/cc   -v -o CMakeFiles/cmTC_7e59e.dir/CMakeCCompilerABI.c.o   -c /usr/share/cmake-3.16/Modules/CMakeCCompilerABI.c]
  ignore line: [Using built-in specs.]
  ignore line: [COLLECT_GCC=/usr/bin/cc]
  ignore line: [OFFLOAD_TARGET_NAMES=nvptx-none:hsa]
  ignore line: [OFFLOAD_TARGET_DEFAULT=1]
  ignore line: [Target: x86_64-linux-gnu]
  ignore line: [Configured with: ../src/configure -v --with-pkgversion='Ubuntu 9.3.0-17ubuntu1~20.04' --with-bugurl=file:///usr/share/doc/gcc-9/README.Bugs --enable-languages=c ada c++ go brig d fortran objc obj-c++ gm2 --prefix=/usr --with-gcc-major-version-only --program-suffix=-9 --program-prefix=x86_64-linux-gnu- --enable-shared --enable-linker-build-id --libexecdir=/usr/lib --without-included-gettext --enable-threads=posix --libdir=/usr/lib --enable-nls --enable-clocale=gnu --enable-libstdcxx-debug --enable-libstdcxx-time=yes --with-default-libstdcxx-abi=new --enable-gnu-unique-object --disable-vtable-verify --enable-plugin --enable-default-pie --with-system-zlib --with-target-system-zlib=auto --enable-objc-gc=auto --enable-multiarch --disable-werror --with-arch-32=i686 --with-abi=m64 --with-multilib-list=m32 m64 mx32 --enable-multilib --with-tune=generic --enable-offload-targets=nvptx-none=/build/gcc-9-HskZEa/gcc-9-9.3.0/debian/tmp-nvptx/usr hsa --without-cuda-driver --enable-checking=release --build=x86_64-linux-gnu --host=x86_64-linux-gnu --target=x86_64-linux-gnu]
  ignore line: [Thread model: posix]
  ignore line: [gcc version 9.3.0 (Ubuntu 9.3.0-17ubuntu1~20.04) ]
  ignore line: [COLLECT_GCC_OPTIONS='-v' '-o' 'CMakeFiles/cmTC_7e59e.dir/CMakeCCompilerABI.c.o' '-c' '-mtune=generic' '-march=x86-64']
  ignore line: [ /usr/lib/gcc/x86_64-linux-gnu/9/cc1 -quiet -v -imultiarch x86_64-linux-gnu /usr/share/cmake-3.16/Modules/CMakeCCompilerABI.c -quiet -dumpbase CMakeCCompilerABI.c -mtune=generic -march=x86-64 -auxbase-strip CMakeFiles/cmTC_7e59e.dir/CMakeCCompilerABI.c.o -version -fasynchronous-unwind-tables -fstack-protector-strong -Wformat -Wformat-security -fstack-clash-protection -fcf-protection -o /tmp/ccanO2kx.s]
  ignore line: [GNU C17 (Ubuntu 9.3.0-17ubuntu1~20.04) version 9.3.0 (x86_64-linux-gnu)]
  ignore line: [	compiled by GNU C version 9.3.0  GMP version 6.2.0  MPFR version 4.0.2  MPC version 1.1.0  isl version isl-0.22.1-GMP]
  ignore line: []
  ignore line: [GGC heuristics: --param ggc-min-expand=100 --param ggc-min-heapsize=131072]
  ignore line: [ignoring nonexistent directory "/usr/local/include/x86_64-linux-gnu"]
  ignore line: [ignoring nonexistent directory "/usr/lib/gcc/x86_64-linux-gnu/9/include-fixed"]
  ignore line: [ignoring nonexistent directory "/usr/lib/gcc/x86_64-linux-gnu/9/../../../../x86_64-linux-gnu/include"]
  ignore line: [#include "..." search starts here:]
  ignore line: [#include <...> search starts here:]
  ignore line: [ /usr/lib/gcc/x86_64-linux-gnu/9/include]
  ignore line: [ /usr/local/include]
  ignore line: [ /usr/include/x86_64-linux-gnu]
  ignore line: [ /usr/include]
  ignore line: [End of search list.]
  ignore line: [GNU C17 (Ubuntu 9.3.0-17ubuntu1~20.04) version 9.3.0 (x86_64-linux-gnu)]
  ignore line: [	compiled by GNU C version 9.3.0  GMP version 6.2.0  MPFR version 4.0.2  MPC version 1.1.0  isl version isl-0.22.1-GMP]
  ignore line: []
  ignore line: [GGC heuristics: --param ggc-min-expand=100 --param ggc-min-heapsize=131072]
  ignore line: [Compiler executable checksum: bbf13931d8de1abe14040c9909cb6969]
  ignore line: [COLLECT_GCC_OPTIONS='-v' '-o' 'CMakeFiles/cmTC_7e59e.dir/CMakeCCompilerABI.c.o' '-c' '-mtune=generic' '-march=x86-64']
  ignore line: [ as -v --64 -o CMakeFiles/cmTC_7e59e.dir/CMakeCCompilerABI.c.o /tmp/ccanO2kx.s]
  ignore line: [GNU assembler version 2.34 (x86_64-linux-gnu) using BFD version (GNU Binutils for Ubuntu) 2.34]
  ignore line: [COMPILER_PATH=/usr/lib/gcc/x86_64-linux-gnu/9/:/usr/lib/gcc/x86_64-linux-gnu/9/:/usr/lib/gcc/x86_64-linux-gnu/:/usr/lib/gcc/x86_64-linux-gnu/9/:/usr/lib/gcc/x86_64-linux-gnu/]
  ignore line: [LIBRARY_PATH=/usr/lib/gcc/x86_64-linux-gnu/9/:/usr/lib/gcc/x86_64-linux-gnu/9/../../../x86_64-linux-gnu/:/usr/lib/gcc/x86_64-linux-gnu/9/../../../../lib/:/lib/x86_64-linux-gnu/:/lib/../lib/:/usr/lib/x86_64-linux-gnu/:/usr/lib/../lib/:/usr/lib/gcc/x86_64-linux-gnu/9/../../../:/lib/:/usr/lib/]
  ignore line: [COLLECT_GCC_OPTIONS='-v' '-o' 'CMakeFiles/cmTC_7e59e.dir/CMakeCCompilerABI.c.o' '-c' '-mtune=generic' '-march=x86-64']
  ignore line: [Linking C executable cmTC_7e59e]
  ignore line: [/usr/bin/cmake -E cmake_link_script CMakeFiles/cmTC_7e59e.dir/link.txt --verbose=1]
  ignore line: [/usr/bin/cc     -v -rdynamic CMakeFiles/cmTC_7e59e.dir/CMakeCCompilerABI.c.o  -o cmTC_7e59e ]
  ignore line: [Using built-in specs.]
  ignore line: [COLLECT_GCC=/usr/bin/cc]
  ignore line: [COLLECT_LTO_WRAPPER=/usr/lib/gcc/x86_64-linux-gnu/9/lto-wrapper]
  ignore line: [OFFLOAD_TARGET_NAMES=nvptx-none:hsa]
  ignore line: [OFFLOAD_TARGET_DEFAULT=1]
  ignore line: [Target: x86_64-linux-gnu]
  ignore line: [Configured with: ../src/configure -v --with-pkgversion='Ubuntu 9.3.0-17ubuntu1~20.04' --with-bugurl=file:///usr/share/doc/gcc-9/README.Bugs --enable-languages=c ada c++ go brig d fortran objc obj-c++ gm2 --prefix=/usr --with-gcc-major-version-only --program-suffix=-9 --program-prefix=x86_64-linux-gnu- --enable-shared --enable-linker-build-id --libexecdir=/usr/lib --without-included-gettext --enable-threads=posix --libdir=/usr/lib --enable-nls --enable-clocale=gnu --enable-libstdcxx-debug --enable-libstdcxx-time=yes --with-default-libstdcxx-abi=new --enable-gnu-unique-object --disable-vtable-verify --enable-plugin --enable-default-pie --with-system-zlib --with-target-system-zlib=auto --enable-objc-gc=auto --enable-multiarch --disable-werror --with-arch-32=i686 --with-abi=m64 --with-multilib-list=m32 m64 mx32 --enable-multilib --with-tune=generic --enable-offload-targets=nvptx-none=/build/gcc-9-HskZEa/gcc-9-9.3.0/debian/tmp-nvptx/usr hsa --without-cuda-driver --enable-checking=release --build=x86_64-linux-gnu --host=x86_64-linux-gnu --target=x86_64-linux-gnu]
  ignore line: [Thread model: posix]
  ignore line: [gcc version 9.3.0 (Ubuntu 9.3.0-17ubuntu1~20.04) ]
  ignore line: [COMPILER_PATH=/usr/lib/gcc/x86_64-linux-gnu/9/:/usr/lib/gcc/x86_64-linux-gnu/9/:/usr/lib/gcc/x86_64-linux-gnu/:/usr/lib/gcc/x86_64-linux-gnu/9/:/usr/lib/gcc/x86_64-linux-gnu/]
  ignore line: [LIBRARY_PATH=/usr/lib/gcc/x86_64-linux-gnu/9/:/usr/lib/gcc/x86_64-linux-gnu/9/../../../x86_64-linux-gnu/:/usr/lib/gcc/x86_64-linux-gnu/9/../../../../lib/:/lib/x86_64-linux-gnu/:/lib/../lib/:/usr/lib/x86_64-linux-gnu/:/usr/lib/../lib/:/usr/lib/gcc/x86_64-linux-gnu/9/../../../:/lib/:/usr/lib/]
  ignore line: [COLLECT_GCC_OPTIONS='-v' '-rdynamic' '-o' 'cmTC_7e59e' '-mtune=generic' '-march=x86-64']
  link line: [ /usr/lib/gcc/x86_64-linux-gnu/9/collect2 -plugin /usr/lib/gcc/x86_64-linux-gnu/9/liblto_plugin.so -plugin-opt=/usr/lib/gcc/x86_64-linux-gnu/9/lto-wrapper -plugin-opt=-fresolution=/tmp/cc7Hk0rX.res -plugin-opt=-pass-through=-lgcc -plugin-opt=-pass-through=-lgcc_s -plugin-opt=-pass-through=-lc -plugin-opt=-pass-through=-lgcc -plugin-opt=-pass-through=-lgcc_s --build-id --eh-frame-hdr -m elf_x86_64 --hash-style=gnu --as-needed -export-dynamic -dynamic-linker /lib64/ld-linux-x86-64.so.2 -pie -z now -z relro -o cmTC_7e59e /usr/lib/gcc/x86_64-linux-gnu/9/../../../x86_64-linux-gnu/Scrt1.o /usr/lib/gcc/x86_64-linux-gnu/9/../../../x86_64-linux-gnu/crti.o /usr/lib/gcc/x86_64-linux-gnu/9/crtbeginS.o -L/usr/lib/gcc/x86_64-linux-gnu/9 -L/usr/lib/gcc/x86_64-linux-gnu/9/../../../x86_64-linux-gnu -L/usr/lib/gcc/x86_64-linux-gnu/9/../../../../lib -L/lib/x86_64-linux-gnu -L/lib/../lib -L/usr/lib/x86_64-linux-gnu -L/usr/lib/../lib -L/usr/lib/gcc/x86_64-linux-gnu/9/../../.. CMakeFiles/cmTC_7e59e.dir/CMakeCCompilerABI.c.o -lgcc --push-state --as-needed -lgcc_s --pop-state -lc -lgcc --push-state --as-needed -lgcc_s --pop-state /usr/lib/gcc/x86_64-linux-gnu/9/crtendS.o /usr/lib/gcc/x86_64-linux-gnu/9/../../../x86_64-linux-gnu/crtn.o]
    arg [/usr/lib/gcc/x86_64-linux-gnu/9/collect2] ==> ignore
    arg [-plugin] ==> ignore
    arg [/usr/lib/gcc/x86_64-linux-gnu/9/liblto_plugin.so] ==> ignore
    arg [-plugin-opt=/usr/lib/gcc/x86_64-linux-gnu/9/lto-wrapper] ==> ignore
    arg [-plugin-opt=-fresolution=/tmp/cc7Hk0rX.res] ==> ignore
    arg [-plugin-opt=-pass-through=-lgcc] ==> ignore
    arg [-plugin-opt=-pass-through=-lgcc_s] ==> ignore
    arg [-plugin-opt=-pass-through=-lc] ==> ignore
    arg [-plugin-opt=-pass-through=-lgcc] ==> ignore
    arg [-plugin-opt=-pass-through=-lgcc_s] ==> ignore
    arg [--build-id] ==> ignore
    arg [--eh-frame-hdr] ==> ignore
    arg [-m] ==> ignore
    arg [elf_x86_64] ==> ignore
    arg [--hash-style=gnu] ==> ignore
    arg [--as-needed] ==> ignore
    arg [-export-dynamic] ==> ignore
    arg [-dynamic-linker] ==> ignore
    arg [/lib64/ld-linux-x86-64.so.2] ==> ignore
    arg [-pie] ==> ignore
    arg [-znow] ==> ignore
    arg [-zrelro] ==> ignore
    arg [-o] ==> ignore
    arg [cmTC_7e59e] ==> ignore
    arg [/usr/lib/gcc/x86_64-linux-gnu/9/../../../x86_64-linux-gnu/Scrt1.o] ==> ignore
    arg [/usr/lib/gcc/x86_64-linux-gnu/9/../../../x86_64-linux-gnu/crti.o] ==> ignore
    arg [/usr/lib/gcc/x86_64-linux-gnu/9/crtbeginS.o] ==> ignore
    arg [-L/usr/lib/gcc/x86_64-linux-gnu/9] ==> dir [/usr/lib/gcc/x86_64-linux-gnu/9]
    arg [-L/usr/lib/gcc/x86_64-linux-gnu/9/../../../x86_64-linux-gnu] ==> dir [/usr/lib/gcc/x86_64-linux-gnu/9/../../../x86_64-linux-gnu]
    arg [-L/usr/lib/gcc/x86_64-linux-gnu/9/../../../../lib] ==> dir [/usr/lib/gcc/x86_64-linux-gnu/9/../../../../lib]
    arg [-L/lib/x86_64-linux-gnu] ==> dir [/lib/x86_64-linux-gnu]
    arg [-L/lib/../lib] ==> dir [/lib/../lib]
    arg [-L/usr/lib/x86_64-linux-gnu] ==> dir [/usr/lib/x86_64-linux-gnu]
    arg [-L/usr/lib/../lib] ==> dir [/usr/lib/../lib]
    arg [-L/usr/lib/gcc/x86_64-linux-gnu/9/../../..] ==> dir [/usr/lib/gcc/x86_64-linux-gnu/9/../../..]
    arg [CMakeFiles/cmTC_7e59e.dir/CMakeCCompilerABI.c.o] ==> ignore
    arg [-lgcc] ==> lib [gcc]
    arg [--push-state] ==> ignore
    arg [--as-needed] ==> ignore
    arg [-lgcc_s] ==> lib [gcc_s]
    arg [--pop-state] ==> ignore
    arg [-lc] ==> lib [c]
    arg [-lgcc] ==> lib [gcc]
    arg [--push-state] ==> ignore
    arg [--as-needed] ==> ignore
    arg [-lgcc_s] ==> lib [gcc_s]
    arg [--pop-state] ==> ignore
    arg [/usr/lib/gcc/x86_64-linux-gnu/9/crtendS.o] ==> ignore
    arg [/usr/lib/gcc/x86_64-linux-gnu/9/../../../x86_64-linux-gnu/crtn.o] ==> ignore
  collapse library dir [/usr/lib/gcc/x86_64-linux-gnu/9] ==> [/usr/lib/gcc/x86_64-linux-gnu/9]
  collapse library dir [/usr/lib/gcc/x86_64-linux-gnu/9/../../../x86_64-linux-gnu] ==> [/usr/lib/x86_64-linux-gnu]
  collapse library dir [/usr/lib/gcc/x86_64-linux-gnu/9/../../../../lib] ==> [/usr/lib]
  collapse library dir [/lib/x86_64-linux-gnu] ==> [/lib/x86_64-linux-gnu]
  collapse library dir [/lib/../lib] ==> [/lib]
  collapse library dir [/usr/lib/x86_64-linux-gnu] ==> [/usr/lib/x86_64-linux-gnu]
  collapse library dir [/usr/lib/../lib] ==> [/usr/lib]
  collapse library dir [/usr/lib/gcc/x86_64-linux-gnu/9/../../..] ==> [/usr/lib]
  implicit libs: [gcc;gcc_s;c;gcc;gcc_s]
  implicit dirs: [/usr/lib/gcc/x86_64-linux-gnu/9;/usr/lib/x86_64-linux-gnu;/usr/lib;/lib/x86_64-linux-gnu;/lib]
  implicit fwks: []


Determining if the CXX compiler works passed with the following output:
Change Dir: /home/bartosz/Arko/allegro-5.2.7.0/build/CMakeFiles/CMakeTmp

Run Build Command(s):/usr/bin/make cmTC_83817/fast && /usr/bin/make -f CMakeFiles/cmTC_83817.dir/build.make CMakeFiles/cmTC_83817.dir/build
make[1]: Entering directory '/home/bartosz/Arko/allegro-5.2.7.0/build/CMakeFiles/CMakeTmp'
Building CXX object CMakeFiles/cmTC_83817.dir/testCXXCompiler.cxx.o
/usr/bin/c++     -o CMakeFiles/cmTC_83817.dir/testCXXCompiler.cxx.o -c /home/bartosz/Arko/allegro-5.2.7.0/build/CMakeFiles/CMakeTmp/testCXXCompiler.cxx
Linking CXX executable cmTC_83817
/usr/bin/cmake -E cmake_link_script CMakeFiles/cmTC_83817.dir/link.txt --verbose=1
/usr/bin/c++       -rdynamic CMakeFiles/cmTC_83817.dir/testCXXCompiler.cxx.o  -o cmTC_83817 
make[1]: Leaving directory '/home/bartosz/Arko/allegro-5.2.7.0/build/CMakeFiles/CMakeTmp'



Detecting CXX compiler ABI info compiled with the following output:
Change Dir: /home/bartosz/Arko/allegro-5.2.7.0/build/CMakeFiles/CMakeTmp

Run Build Command(s):/usr/bin/make cmTC_f32f5/fast && /usr/bin/make -f CMakeFiles/cmTC_f32f5.dir/build.make CMakeFiles/cmTC_f32f5.dir/build
make[1]: Entering directory '/home/bartosz/Arko/allegro-5.2.7.0/build/CMakeFiles/CMakeTmp'
Building CXX object CMakeFiles/cmTC_f32f5.dir/CMakeCXXCompilerABI.cpp.o
/usr/bin/c++    -v -o CMakeFiles/cmTC_f32f5.dir/CMakeCXXCompilerABI.cpp.o -c /usr/share/cmake-3.16/Modules/CMakeCXXCompilerABI.cpp
Using built-in specs.
COLLECT_GCC=/usr/bin/c++
OFFLOAD_TARGET_NAMES=nvptx-none:hsa
OFFLOAD_TARGET_DEFAULT=1
Target: x86_64-linux-gnu
Configured with: ../src/configure -v --with-pkgversion='Ubuntu 9.3.0-17ubuntu1~20.04' --with-bugurl=file:///usr/share/doc/gcc-9/README.Bugs --enable-languages=c,ada,c++,go,brig,d,fortran,objc,obj-c++,gm2 --prefix=/usr --with-gcc-major-version-only --program-suffix=-9 --program-prefix=x86_64-linux-gnu- --enable-shared --enable-linker-build-id --libexecdir=/usr/lib --without-included-gettext --enable-threads=posix --libdir=/usr/lib --enable-nls --enable-clocale=gnu --enable-libstdcxx-debug --enable-libstdcxx-time=yes --with-default-libstdcxx-abi=new --enable-gnu-unique-object --disable-vtable-verify --enable-plugin --enable-default-pie --with-system-zlib --with-target-system-zlib=auto --enable-objc-gc=auto --enable-multiarch --disable-werror --with-arch-32=i686 --with-abi=m64 --with-multilib-list=m32,m64,mx32 --enable-multilib --with-tune=generic --enable-offload-targets=nvptx-none=/build/gcc-9-HskZEa/gcc-9-9.3.0/debian/tmp-nvptx/usr,hsa --without-cuda-driver --enable-checking=release --build=x86_64-linux-gnu --host=x86_64-linux-gnu --target=x86_64-linux-gnu
Thread model: posix
gcc version 9.3.0 (Ubuntu 9.3.0-17ubuntu1~20.04) 
COLLECT_GCC_OPTIONS='-v' '-o' 'CMakeFiles/cmTC_f32f5.dir/CMakeCXXCompilerABI.cpp.o' '-c' '-shared-libgcc' '-mtune=generic' '-march=x86-64'
 /usr/lib/gcc/x86_64-linux-gnu/9/cc1plus -quiet -v -imultiarch x86_64-linux-gnu -D_GNU_SOURCE /usr/share/cmake-3.16/Modules/CMakeCXXCompilerABI.cpp -quiet -dumpbase CMakeCXXCompilerABI.cpp -mtune=generic -march=x86-64 -auxbase-strip CMakeFiles/cmTC_f32f5.dir/CMakeCXXCompilerABI.cpp.o -version -fasynchronous-unwind-tables -fstack-protector-strong -Wformat -Wformat-security -fstack-clash-protection -fcf-protection -o /tmp/cctV7nbw.s
GNU C++14 (Ubuntu 9.3.0-17ubuntu1~20.04) version 9.3.0 (x86_64-linux-gnu)
	compiled by GNU C version 9.3.0, GMP version 6.2.0, MPFR version 4.0.2, MPC version 1.1.0, isl version isl-0.22.1-GMP

GGC heuristics: --param ggc-min-expand=100 --param ggc-min-heapsize=131072
ignoring duplicate directory "/usr/include/x86_64-linux-gnu/c++/9"
ignoring nonexistent directory "/usr/local/include/x86_64-linux-gnu"
ignoring nonexistent directory "/usr/lib/gcc/x86_64-linux-gnu/9/include-fixed"
ignoring nonexistent directory "/usr/lib/gcc/x86_64-linux-gnu/9/../../../../x86_64-linux-gnu/include"
#include "..." search starts here:
#include <...> search starts here:
 /usr/include/c++/9
 /usr/include/x86_64-linux-gnu/c++/9
 /usr/include/c++/9/backward
 /usr/lib/gcc/x86_64-linux-gnu/9/include
 /usr/local/include
 /usr/include/x86_64-linux-gnu
 /usr/include
End of search list.
GNU C++14 (Ubuntu 9.3.0-17ubuntu1~20.04) version 9.3.0 (x86_64-linux-gnu)
	compiled by GNU C version 9.3.0, GMP version 6.2.0, MPFR version 4.0.2, MPC version 1.1.0, isl version isl-0.22.1-GMP

GGC heuristics: --param ggc-min-expand=100 --param ggc-min-heapsize=131072
Compiler executable checksum: 466f818abe2f30ba03783f22bd12d815
COLLECT_GCC_OPTIONS='-v' '-o' 'CMakeFiles/cmTC_f32f5.dir/CMakeCXXCompilerABI.cpp.o' '-c' '-shared-libgcc' '-mtune=generic' '-march=x86-64'
 as -v --64 -o CMakeFiles/cmTC_f32f5.dir/CMakeCXXCompilerABI.cpp.o /tmp/cctV7nbw.s
GNU assembler version 2.34 (x86_64-linux-gnu) using BFD version (GNU Binutils for Ubuntu) 2.34
COMPILER_PATH=/usr/lib/gcc/x86_64-linux-gnu/9/:/usr/lib/gcc/x86_64-linux-gnu/9/:/usr/lib/gcc/x86_64-linux-gnu/:/usr/lib/gcc/x86_64-linux-gnu/9/:/usr/lib/gcc/x86_64-linux-gnu/
LIBRARY_PATH=/usr/lib/gcc/x86_64-linux-gnu/9/:/usr/lib/gcc/x86_64-linux-gnu/9/../../../x86_64-linux-gnu/:/usr/lib/gcc/x86_64-linux-gnu/9/../../../../lib/:/lib/x86_64-linux-gnu/:/lib/../lib/:/usr/lib/x86_64-linux-gnu/:/usr/lib/../lib/:/usr/lib/gcc/x86_64-linux-gnu/9/../../../:/lib/:/usr/lib/
COLLECT_GCC_OPTIONS='-v' '-o' 'CMakeFiles/cmTC_f32f5.dir/CMakeCXXCompilerABI.cpp.o' '-c' '-shared-libgcc' '-mtune=generic' '-march=x86-64'
Linking CXX executable cmTC_f32f5
/usr/bin/cmake -E cmake_link_script CMakeFiles/cmTC_f32f5.dir/link.txt --verbose=1
/usr/bin/c++      -v -rdynamic CMakeFiles/cmTC_f32f5.dir/CMakeCXXCompilerABI.cpp.o  -o cmTC_f32f5 
Using built-in specs.
COLLECT_GCC=/usr/bin/c++
COLLECT_LTO_WRAPPER=/usr/lib/gcc/x86_64-linux-gnu/9/lto-wrapper
OFFLOAD_TARGET_NAMES=nvptx-none:hsa
OFFLOAD_TARGET_DEFAULT=1
Target: x86_64-linux-gnu
Configured with: ../src/configure -v --with-pkgversion='Ubuntu 9.3.0-17ubuntu1~20.04' --with-bugurl=file:///usr/share/doc/gcc-9/README.Bugs --enable-languages=c,ada,c++,go,brig,d,fortran,objc,obj-c++,gm2 --prefix=/usr --with-gcc-major-version-only --program-suffix=-9 --program-prefix=x86_64-linux-gnu- --enable-shared --enable-linker-build-id --libexecdir=/usr/lib --without-included-gettext --enable-threads=posix --libdir=/usr/lib --enable-nls --enable-clocale=gnu --enable-libstdcxx-debug --enable-libstdcxx-time=yes --with-default-libstdcxx-abi=new --enable-gnu-unique-object --disable-vtable-verify --enable-plugin --enable-default-pie --with-system-zlib --with-target-system-zlib=auto --enable-objc-gc=auto --enable-multiarch --disable-werror --with-arch-32=i686 --with-abi=m64 --with-multilib-list=m32,m64,mx32 --enable-multilib --with-tune=generic --enable-offload-targets=nvptx-none=/build/gcc-9-HskZEa/gcc-9-9.3.0/debian/tmp-nvptx/usr,hsa --without-cuda-driver --enable-checking=release --build=x86_64-linux-gnu --host=x86_64-linux-gnu --target=x86_64-linux-gnu
Thread model: posix
gcc version 9.3.0 (Ubuntu 9.3.0-17ubuntu1~20.04) 
COMPILER_PATH=/usr/lib/gcc/x86_64-linux-gnu/9/:/usr/lib/gcc/x86_64-linux-gnu/9/:/usr/lib/gcc/x86_64-linux-gnu/:/usr/lib/gcc/x86_64-linux-gnu/9/:/usr/lib/gcc/x86_64-linux-gnu/
LIBRARY_PATH=/usr/lib/gcc/x86_64-linux-gnu/9/:/usr/lib/gcc/x86_64-linux-gnu/9/../../../x86_64-linux-gnu/:/usr/lib/gcc/x86_64-linux-gnu/9/../../../../lib/:/lib/x86_64-linux-gnu/:/lib/../lib/:/usr/lib/x86_64-linux-gnu/:/usr/lib/../lib/:/usr/lib/gcc/x86_64-linux-gnu/9/../../../:/lib/:/usr/lib/
COLLECT_GCC_OPTIONS='-v' '-rdynamic' '-o' 'cmTC_f32f5' '-shared-libgcc' '-mtune=generic' '-march=x86-64'
 /usr/lib/gcc/x86_64-linux-gnu/9/collect2 -plugin /usr/lib/gcc/x86_64-linux-gnu/9/liblto_plugin.so -plugin-opt=/usr/lib/gcc/x86_64-linux-gnu/9/lto-wrapper -plugin-opt=-fresolution=/tmp/ccb3QDfW.res -plugin-opt=-pass-through=-lgcc_s -plugin-opt=-pass-through=-lgcc -plugin-opt=-pass-through=-lc -plugin-opt=-pass-through=-lgcc_s -plugin-opt=-pass-through=-lgcc --build-id --eh-frame-hdr -m elf_x86_64 --hash-style=gnu --as-needed -export-dynamic -dynamic-linker /lib64/ld-linux-x86-64.so.2 -pie -z now -z relro -o cmTC_f32f5 /usr/lib/gcc/x86_64-linux-gnu/9/../../../x86_64-linux-gnu/Scrt1.o /usr/lib/gcc/x86_64-linux-gnu/9/../../../x86_64-linux-gnu/crti.o /usr/lib/gcc/x86_64-linux-gnu/9/crtbeginS.o -L/usr/lib/gcc/x86_64-linux-gnu/9 -L/usr/lib/gcc/x86_64-linux-gnu/9/../../../x86_64-linux-gnu -L/usr/lib/gcc/x86_64-linux-gnu/9/../../../../lib -L/lib/x86_64-linux-gnu -L/lib/../lib -L/usr/lib/x86_64-linux-gnu -L/usr/lib/../lib -L/usr/lib/gcc/x86_64-linux-gnu/9/../../.. CMakeFiles/cmTC_f32f5.dir/CMakeCXXCompilerABI.cpp.o -lstdc++ -lm -lgcc_s -lgcc -lc -lgcc_s -lgcc /usr/lib/gcc/x86_64-linux-gnu/9/crtendS.o /usr/lib/gcc/x86_64-linux-gnu/9/../../../x86_64-linux-gnu/crtn.o
COLLECT_GCC_OPTIONS='-v' '-rdynamic' '-o' 'cmTC_f32f5' '-shared-libgcc' '-mtune=generic' '-march=x86-64'
make[1]: Leaving directory '/home/bartosz/Arko/allegro-5.2.7.0/build/CMakeFiles/CMakeTmp'



Parsed CXX implicit include dir info from above output: rv=done
  found start of include info
  found start of implicit include info
    add: [/usr/include/c++/9]
    add: [/usr/include/x86_64-linux-gnu/c++/9]
    add: [/usr/include/c++/9/backward]
    add: [/usr/lib/gcc/x86_64-linux-gnu/9/include]
    add: [/usr/local/include]
    add: [/usr/include/x86_64-linux-gnu]
    add: [/usr/include]
  end of search list found
  collapse include dir [/usr/include/c++/9] ==> [/usr/include/c++/9]
  collapse include dir [/usr/include/x86_64-linux-gnu/c++/9] ==> [/usr/include/x86_64-linux-gnu/c++/9]
  collapse include dir [/usr/include/c++/9/backward] ==> [/usr/include/c++/9/backward]
  collapse include dir [/usr/lib/gcc/x86_64-linux-gnu/9/include] ==> [/usr/lib/gcc/x86_64-linux-gnu/9/include]
  collapse include dir [/usr/local/include] ==> [/usr/local/include]
  collapse include dir [/usr/include/x86_64-linux-gnu] ==> [/usr/include/x86_64-linux-gnu]
  collapse include dir [/usr/include] ==> [/usr/include]
  implicit include dirs: [/usr/include/c++/9;/usr/include/x86_64-linux-gnu/c++/9;/usr/include/c++/9/backward;/usr/lib/gcc/x86_64-linux-gnu/9/include;/usr/local/include;/usr/include/x86_64-linux-gnu;/usr/include]


Parsed CXX implicit link information from above output:
  link line regex: [^( *|.*[/\])(ld|CMAKE_LINK_STARTFILE-NOTFOUND|([^/\]+-)?ld|collect2)[^/\]*( |$)]
  ignore line: [Change Dir: /home/bartosz/Arko/allegro-5.2.7.0/build/CMakeFiles/CMakeTmp]
  ignore line: []
  ignore line: [Run Build Command(s):/usr/bin/make cmTC_f32f5/fast && /usr/bin/make -f CMakeFiles/cmTC_f32f5.dir/build.make CMakeFiles/cmTC_f32f5.dir/build]
  ignore line: [make[1]: Entering directory '/home/bartosz/Arko/allegro-5.2.7.0/build/CMakeFiles/CMakeTmp']
  ignore line: [Building CXX object CMakeFiles/cmTC_f32f5.dir/CMakeCXXCompilerABI.cpp.o]
  ignore line: [/usr/bin/c++    -v -o CMakeFiles/cmTC_f32f5.dir/CMakeCXXCompilerABI.cpp.o -c /usr/share/cmake-3.16/Modules/CMakeCXXCompilerABI.cpp]
  ignore line: [Using built-in specs.]
  ignore line: [COLLECT_GCC=/usr/bin/c++]
  ignore line: [OFFLOAD_TARGET_NAMES=nvptx-none:hsa]
  ignore line: [OFFLOAD_TARGET_DEFAULT=1]
  ignore line: [Target: x86_64-linux-gnu]
  ignore line: [Configured with: ../src/configure -v --with-pkgversion='Ubuntu 9.3.0-17ubuntu1~20.04' --with-bugurl=file:///usr/share/doc/gcc-9/README.Bugs --enable-languages=c ada c++ go brig d fortran objc obj-c++ gm2 --prefix=/usr --with-gcc-major-version-only --program-suffix=-9 --program-prefix=x86_64-linux-gnu- --enable-shared --enable-linker-build-id --libexecdir=/usr/lib --without-included-gettext --enable-threads=posix --libdir=/usr/lib --enable-nls --enable-clocale=gnu --enable-libstdcxx-debug --enable-libstdcxx-time=yes --with-default-libstdcxx-abi=new --enable-gnu-unique-object --disable-vtable-verify --enable-plugin --enable-default-pie --with-system-zlib --with-target-system-zlib=auto --enable-objc-gc=auto --enable-multiarch --disable-werror --with-arch-32=i686 --with-abi=m64 --with-multilib-list=m32 m64 mx32 --enable-multilib --with-tune=generic --enable-offload-targets=nvptx-none=/build/gcc-9-HskZEa/gcc-9-9.3.0/debian/tmp-nvptx/usr hsa --without-cuda-driver --enable-checking=release --build=x86_64-linux-gnu --host=x86_64-linux-gnu --target=x86_64-linux-gnu]
  ignore line: [Thread model: posix]
  ignore line: [gcc version 9.3.0 (Ubuntu 9.3.0-17ubuntu1~20.04) ]
  ignore line: [COLLECT_GCC_OPTIONS='-v' '-o' 'CMakeFiles/cmTC_f32f5.dir/CMakeCXXCompilerABI.cpp.o' '-c' '-shared-libgcc' '-mtune=generic' '-march=x86-64']
  ignore line: [ /usr/lib/gcc/x86_64-linux-gnu/9/cc1plus -quiet -v -imultiarch x86_64-linux-gnu -D_GNU_SOURCE /usr/share/cmake-3.16/Modules/CMakeCXXCompilerABI.cpp -quiet -dumpbase CMakeCXXCompilerABI.cpp -mtune=generic -march=x86-64 -auxbase-strip CMakeFiles/cmTC_f32f5.dir/CMakeCXXCompilerABI.cpp.o -version -fasynchronous-unwind-tables -fstack-protector-strong -Wformat -Wformat-security -fstack-clash-protection -fcf-protection -o /tmp/cctV7nbw.s]
  ignore line: [GNU C++14 (Ubuntu 9.3.0-17ubuntu1~20.04) version 9.3.0 (x86_64-linux-gnu)]
  ignore line: [	compiled by GNU C version 9.3.0  GMP version 6.2.0  MPFR version 4.0.2  MPC version 1.1.0  isl version isl-0.22.1-GMP]
  ignore line: []
  ignore line: [GGC heuristics: --param ggc-min-expand=100 --param ggc-min-heapsize=131072]
  ignore line: [ignoring duplicate directory "/usr/include/x86_64-linux-gnu/c++/9"]
  ignore line: [ignoring nonexistent directory "/usr/local/include/x86_64-linux-gnu"]
  ignore line: [ignoring nonexistent directory "/usr/lib/gcc/x86_64-linux-gnu/9/include-fixed"]
  ignore line: [ignoring nonexistent directory "/usr/lib/gcc/x86_64-linux-gnu/9/../../../../x86_64-linux-gnu/include"]
  ignore line: [#include "..." search starts here:]
  ignore line: [#include <...> search starts here:]
  ignore line: [ /usr/include/c++/9]
  ignore line: [ /usr/include/x86_64-linux-gnu/c++/9]
  ignore line: [ /usr/include/c++/9/backward]
  ignore line: [ /usr/lib/gcc/x86_64-linux-gnu/9/include]
  ignore line: [ /usr/local/include]
  ignore line: [ /usr/include/x86_64-linux-gnu]
  ignore line: [ /usr/include]
  ignore line: [End of search list.]
  ignore line: [GNU C++14 (Ubuntu 9.3.0-17ubuntu1~20.04) version 9.3.0 (x86_64-linux-gnu)]
  ignore line: [	compiled by GNU C version 9.3.0  GMP version 6.2.0  MPFR version 4.0.2  MPC version 1.1.0  isl version isl-0.22.1-GMP]
  ignore line: []
  ignore line: [GGC heuristics: --param ggc-min-expand=100 --param ggc-min-heapsize=131072]
  ignore line: [Compiler executable checksum: 466f818abe2f30ba03783f22bd12d815]
  ignore line: [COLLECT_GCC_OPTIONS='-v' '-o' 'CMakeFiles/cmTC_f32f5.dir/CMakeCXXCompilerABI.cpp.o' '-c' '-shared-libgcc' '-mtune=generic' '-march=x86-64']
  ignore line: [ as -v --64 -o CMakeFiles/cmTC_f32f5.dir/CMakeCXXCompilerABI.cpp.o /tmp/cctV7nbw.s]
  ignore line: [GNU assembler version 2.34 (x86_64-linux-gnu) using BFD version (GNU Binutils for Ubuntu) 2.34]
  ignore line: [COMPILER_PATH=/usr/lib/gcc/x86_64-linux-gnu/9/:/usr/lib/gcc/x86_64-linux-gnu/9/:/usr/lib/gcc/x86_64-linux-gnu/:/usr/lib/gcc/x86_64-linux-gnu/9/:/usr/lib/gcc/x86_64-linux-gnu/]
  ignore line: [LIBRARY_PATH=/usr/lib/gcc/x86_64-linux-gnu/9/:/usr/lib/gcc/x86_64-linux-gnu/9/../../../x86_64-linux-gnu/:/usr/lib/gcc/x86_64-linux-gnu/9/../../../../lib/:/lib/x86_64-linux-gnu/:/lib/../lib/:/usr/lib/x86_64-linux-gnu/:/usr/lib/../lib/:/usr/lib/gcc/x86_64-linux-gnu/9/../../../:/lib/:/usr/lib/]
  ignore line: [COLLECT_GCC_OPTIONS='-v' '-o' 'CMakeFiles/cmTC_f32f5.dir/CMakeCXXCompilerABI.cpp.o' '-c' '-shared-libgcc' '-mtune=generic' '-march=x86-64']
  ignore line: [Linking CXX executable cmTC_f32f5]
  ignore line: [/usr/bin/cmake -E cmake_link_script CMakeFiles/cmTC_f32f5.dir/link.txt --verbose=1]
  ignore line: [/usr/bin/c++      -v -rdynamic CMakeFiles/cmTC_f32f5.dir/CMakeCXXCompilerABI.cpp.o  -o cmTC_f32f5 ]
  ignore line: [Using built-in specs.]
  ignore line: [COLLECT_GCC=/usr/bin/c++]
  ignore line: [COLLECT_LTO_WRAPPER=/usr/lib/gcc/x86_64-linux-gnu/9/lto-wrapper]
  ignore line: [OFFLOAD_TARGET_NAMES=nvptx-none:hsa]
  ignore line: [OFFLOAD_TARGET_DEFAULT=1]
  ignore line: [Target: x86_64-linux-gnu]
  ignore line: [Configured with: ../src/configure -v --with-pkgversion='Ubuntu 9.3.0-17ubuntu1~20.04' --with-bugurl=file:///usr/share/doc/gcc-9/README.Bugs --enable-languages=c ada c++ go brig d fortran objc obj-c++ gm2 --prefix=/usr --with-gcc-major-version-only --program-suffix=-9 --program-prefix=x86_64-linux-gnu- --enable-shared --enable-linker-build-id --libexecdir=/usr/lib --without-included-gettext --enable-threads=posix --libdir=/usr/lib --enable-nls --enable-clocale=gnu --enable-libstdcxx-debug --enable-libstdcxx-time=yes --with-default-libstdcxx-abi=new --enable-gnu-unique-object --disable-vtable-verify --enable-plugin --enable-default-pie --with-system-zlib --with-target-system-zlib=auto --enable-objc-gc=auto --enable-multiarch --disable-werror --with-arch-32=i686 --with-abi=m64 --with-multilib-list=m32 m64 mx32 --enable-multilib --with-tune=generic --enable-offload-targets=nvptx-none=/build/gcc-9-HskZEa/gcc-9-9.3.0/debian/tmp-nvptx/usr hsa --without-cuda-driver --enable-checking=release --build=x86_64-linux-gnu --host=x86_64-linux-gnu --target=x86_64-linux-gnu]
  ignore line: [Thread model: posix]
  ignore line: [gcc version 9.3.0 (Ubuntu 9.3.0-17ubuntu1~20.04) ]
  ignore line: [COMPILER_PATH=/usr/lib/gcc/x86_64-linux-gnu/9/:/usr/lib/gcc/x86_64-linux-gnu/9/:/usr/lib/gcc/x86_64-linux-gnu/:/usr/lib/gcc/x86_64-linux-gnu/9/:/usr/lib/gcc/x86_64-linux-gnu/]
  ignore line: [LIBRARY_PATH=/usr/lib/gcc/x86_64-linux-gnu/9/:/usr/lib/gcc/x86_64-linux-gnu/9/../../../x86_64-linux-gnu/:/usr/lib/gcc/x86_64-linux-gnu/9/../../../../lib/:/lib/x86_64-linux-gnu/:/lib/../lib/:/usr/lib/x86_64-linux-gnu/:/usr/lib/../lib/:/usr/lib/gcc/x86_64-linux-gnu/9/../../../:/lib/:/usr/lib/]
  ignore line: [COLLECT_GCC_OPTIONS='-v' '-rdynamic' '-o' 'cmTC_f32f5' '-shared-libgcc' '-mtune=generic' '-march=x86-64']
  link line: [ /usr/lib/gcc/x86_64-linux-gnu/9/collect2 -plugin /usr/lib/gcc/x86_64-linux-gnu/9/liblto_plugin.so -plugin-opt=/usr/lib/gcc/x86_64-linux-gnu/9/lto-wrapper -plugin-opt=-fresolution=/tmp/ccb3QDfW.res -plugin-opt=-pass-through=-lgcc_s -plugin-opt=-pass-through=-lgcc -plugin-opt=-pass-through=-lc -plugin-opt=-pass-through=-lgcc_s -plugin-opt=-pass-through=-lgcc --build-id --eh-frame-hdr -m elf_x86_64 --hash-style=gnu --as-needed -export-dynamic -dynamic-linker /lib64/ld-linux-x86-64.so.2 -pie -z now -z relro -o cmTC_f32f5 /usr/lib/gcc/x86_64-linux-gnu/9/../../../x86_64-linux-gnu/Scrt1.o /usr/lib/gcc/x86_64-linux-gnu/9/../../../x86_64-linux-gnu/crti.o /usr/lib/gcc/x86_64-linux-gnu/9/crtbeginS.o -L/usr/lib/gcc/x86_64-linux-gnu/9 -L/usr/lib/gcc/x86_64-linux-gnu/9/../../../x86_64-linux-gnu -L/usr/lib/gcc/x86_64-linux-gnu/9/../../../../lib -L/lib/x86_64-linux-gnu -L/lib/../lib -L/usr/lib/x86_64-linux-gnu -L/usr/lib/../lib -L/usr/lib/gcc/x86_64-linux-gnu/9/../../.. CMakeFiles/cmTC_f32f5.dir/CMakeCXXCompilerABI.cpp.o -lstdc++ -lm -lgcc_s -lgcc -lc -lgcc_s -lgcc /usr/lib/gcc/x86_64-linux-gnu/9/crtendS.o /usr/lib/gcc/x86_64-linux-gnu/9/../../../x86_64-linux-gnu/crtn.o]
    arg [/usr/lib/gcc/x86_64-linux-gnu/9/collect2] ==> ignore
    arg [-plugin] ==> ignore
    arg [/usr/lib/gcc/x86_64-linux-gnu/9/liblto_plugin.so] ==> ignore
    arg [-plugin-opt=/usr/lib/gcc/x86_64-linux-gnu/9/lto-wrapper] ==> ignore
    arg [-plugin-opt=-fresolution=/tmp/ccb3QDfW.res] ==> ignore
    arg [-plugin-opt=-pass-through=-lgcc_s] ==> ignore
    arg [-plugin-opt=-pass-through=-lgcc] ==> ignore
    arg [-plugin-opt=-pass-through=-lc] ==> ignore
    arg [-plugin-opt=-pass-through=-lgcc_s] ==> ignore
    arg [-plugin-opt=-pass-through=-lgcc] ==> ignore
    arg [--build-id] ==> ignore
    arg [--eh-frame-hdr] ==> ignore
    arg [-m] ==> ignore
    arg [elf_x86_64] ==> ignore
    arg [--hash-style=gnu] ==> ignore
    arg [--as-needed] ==> ignore
    arg [-export-dynamic] ==> ignore
    arg [-dynamic-linker] ==> ignore
    arg [/lib64/ld-linux-x86-64.so.2] ==> ignore
    arg [-pie] ==> ignore
    arg [-znow] ==> ignore
    arg [-zrelro] ==> ignore
    arg [-o] ==> ignore
    arg [cmTC_f32f5] ==> ignore
    arg [/usr/lib/gcc/x86_64-linux-gnu/9/../../../x86_64-linux-gnu/Scrt1.o] ==> ignore
    arg [/usr/lib/gcc/x86_64-linux-gnu/9/../../../x86_64-linux-gnu/crti.o] ==> ignore
    arg [/usr/lib/gcc/x86_64-linux-gnu/9/crtbeginS.o] ==> ignore
    arg [-L/usr/lib/gcc/x86_64-linux-gnu/9] ==> dir [/usr/lib/gcc/x86_64-linux-gnu/9]
    arg [-L/usr/lib/gcc/x86_64-linux-gnu/9/../../../x86_64-linux-gnu] ==> dir [/usr/lib/gcc/x86_64-linux-gnu/9/../../../x86_64-linux-gnu]
    arg [-L/usr/lib/gcc/x86_64-linux-gnu/9/../../../../lib] ==> dir [/usr/lib/gcc/x86_64-linux-gnu/9/../../../../lib]
    arg [-L/lib/x86_64-linux-gnu] ==> dir [/lib/x86_64-linux-gnu]
    arg [-L/lib/../lib] ==> dir [/lib/../lib]
    arg [-L/usr/lib/x86_64-linux-gnu] ==> dir [/usr/lib/x86_64-linux-gnu]
    arg [-L/usr/lib/../lib] ==> dir [/usr/lib/../lib]
    arg [-L/usr/lib/gcc/x86_64-linux-gnu/9/../../..] ==> dir [/usr/lib/gcc/x86_64-linux-gnu/9/../../..]
    arg [CMakeFiles/cmTC_f32f5.dir/CMakeCXXCompilerABI.cpp.o] ==> ignore
    arg [-lstdc++] ==> lib [stdc++]
    arg [-lm] ==> lib [m]
    arg [-lgcc_s] ==> lib [gcc_s]
    arg [-lgcc] ==> lib [gcc]
    arg [-lc] ==> lib [c]
    arg [-lgcc_s] ==> lib [gcc_s]
    arg [-lgcc] ==> lib [gcc]
    arg [/usr/lib/gcc/x86_64-linux-gnu/9/crtendS.o] ==> ignore
    arg [/usr/lib/gcc/x86_64-linux-gnu/9/../../../x86_64-linux-gnu/crtn.o] ==> ignore
  collapse library dir [/usr/lib/gcc/x86_64-linux-gnu/9] ==> [/usr/lib/gcc/x86_64-linux-gnu/9]
  collapse library dir [/usr/lib/gcc/x86_64-linux-gnu/9/../../../x86_64-linux-gnu] ==> [/usr/lib/x86_64-linux-gnu]
  collapse library dir [/usr/lib/gcc/x86_64-linux-gnu/9/../../../../lib] ==> [/usr/lib]
  collapse library dir [/lib/x86_64-linux-gnu] ==> [/lib/x86_64-linux-gnu]
  collapse library dir [/lib/../lib] ==> [/lib]
  collapse library dir [/usr/lib/x86_64-linux-gnu] ==> [/usr/lib/x86_64-linux-gnu]
  collapse library dir [/usr/lib/../lib] ==> [/usr/lib]
  collapse library dir [/usr/lib/gcc/x86_64-linux-gnu/9/../../..] ==> [/usr/lib]
  implicit libs: [stdc++;m;gcc_s;gcc;c;gcc_s;gcc]
  implicit dirs: [/usr/lib/gcc/x86_64-linux-gnu/9;/usr/lib/x86_64-linux-gnu;/usr/lib;/lib/x86_64-linux-gnu;/lib]
  implicit fwks: []


Determining if the include file sys/types.h exists passed with the following output:
Change Dir: /home/bartosz/Arko/allegro-5.2.7.0/build/CMakeFiles/CMakeTmp

Run Build Command(s):/usr/bin/make cmTC_055e9/fast && /usr/bin/make -f CMakeFiles/cmTC_055e9.dir/build.make CMakeFiles/cmTC_055e9.dir/build
make[1]: Entering directory '/home/bartosz/Arko/allegro-5.2.7.0/build/CMakeFiles/CMakeTmp'
Building C object CMakeFiles/cmTC_055e9.dir/CheckIncludeFile.c.o
/usr/bin/cc   -msse -W -Wall -Wpointer-arith -Wmissing-declarations -Wstrict-prototypes -Wmissing-prototypes    -o CMakeFiles/cmTC_055e9.dir/CheckIncludeFile.c.o   -c /home/bartosz/Arko/allegro-5.2.7.0/build/CMakeFiles/CMakeTmp/CheckIncludeFile.c
Linking C executable cmTC_055e9
/usr/bin/cmake -E cmake_link_script CMakeFiles/cmTC_055e9.dir/link.txt --verbose=1
/usr/bin/cc  -msse -W -Wall -Wpointer-arith -Wmissing-declarations -Wstrict-prototypes -Wmissing-prototypes     -rdynamic CMakeFiles/cmTC_055e9.dir/CheckIncludeFile.c.o  -o cmTC_055e9 
make[1]: Leaving directory '/home/bartosz/Arko/allegro-5.2.7.0/build/CMakeFiles/CMakeTmp'



Determining if the include file stdint.h exists passed with the following output:
Change Dir: /home/bartosz/Arko/allegro-5.2.7.0/build/CMakeFiles/CMakeTmp

Run Build Command(s):/usr/bin/make cmTC_fd3ff/fast && /usr/bin/make -f CMakeFiles/cmTC_fd3ff.dir/build.make CMakeFiles/cmTC_fd3ff.dir/build
make[1]: Entering directory '/home/bartosz/Arko/allegro-5.2.7.0/build/CMakeFiles/CMakeTmp'
Building C object CMakeFiles/cmTC_fd3ff.dir/CheckIncludeFile.c.o
/usr/bin/cc   -msse -W -Wall -Wpointer-arith -Wmissing-declarations -Wstrict-prototypes -Wmissing-prototypes    -o CMakeFiles/cmTC_fd3ff.dir/CheckIncludeFile.c.o   -c /home/bartosz/Arko/allegro-5.2.7.0/build/CMakeFiles/CMakeTmp/CheckIncludeFile.c
Linking C executable cmTC_fd3ff
/usr/bin/cmake -E cmake_link_script CMakeFiles/cmTC_fd3ff.dir/link.txt --verbose=1
/usr/bin/cc  -msse -W -Wall -Wpointer-arith -Wmissing-declarations -Wstrict-prototypes -Wmissing-prototypes     -rdynamic CMakeFiles/cmTC_fd3ff.dir/CheckIncludeFile.c.o  -o cmTC_fd3ff 
make[1]: Leaving directory '/home/bartosz/Arko/allegro-5.2.7.0/build/CMakeFiles/CMakeTmp'



Determining if the include file stddef.h exists passed with the following output:
Change Dir: /home/bartosz/Arko/allegro-5.2.7.0/build/CMakeFiles/CMakeTmp

Run Build Command(s):/usr/bin/make cmTC_2b5d2/fast && /usr/bin/make -f CMakeFiles/cmTC_2b5d2.dir/build.make CMakeFiles/cmTC_2b5d2.dir/build
make[1]: Entering directory '/home/bartosz/Arko/allegro-5.2.7.0/build/CMakeFiles/CMakeTmp'
Building C object CMakeFiles/cmTC_2b5d2.dir/CheckIncludeFile.c.o
/usr/bin/cc   -msse -W -Wall -Wpointer-arith -Wmissing-declarations -Wstrict-prototypes -Wmissing-prototypes    -o CMakeFiles/cmTC_2b5d2.dir/CheckIncludeFile.c.o   -c /home/bartosz/Arko/allegro-5.2.7.0/build/CMakeFiles/CMakeTmp/CheckIncludeFile.c
Linking C executable cmTC_2b5d2
/usr/bin/cmake -E cmake_link_script CMakeFiles/cmTC_2b5d2.dir/link.txt --verbose=1
/usr/bin/cc  -msse -W -Wall -Wpointer-arith -Wmissing-declarations -Wstrict-prototypes -Wmissing-prototypes     -rdynamic CMakeFiles/cmTC_2b5d2.dir/CheckIncludeFile.c.o  -o cmTC_2b5d2 
make[1]: Leaving directory '/home/bartosz/Arko/allegro-5.2.7.0/build/CMakeFiles/CMakeTmp'



Determining size of unsigned short passed with the following output:
Change Dir: /home/bartosz/Arko/allegro-5.2.7.0/build/CMakeFiles/CMakeTmp

Run Build Command(s):/usr/bin/make cmTC_68139/fast && /usr/bin/make -f CMakeFiles/cmTC_68139.dir/build.make CMakeFiles/cmTC_68139.dir/build
make[1]: Entering directory '/home/bartosz/Arko/allegro-5.2.7.0/build/CMakeFiles/CMakeTmp'
Building C object CMakeFiles/cmTC_68139.dir/CMAKE_SIZEOF_UNSIGNED_SHORT.c.o
/usr/bin/cc   -msse -W -Wall -Wpointer-arith -Wmissing-declarations -Wstrict-prototypes -Wmissing-prototypes    -o CMakeFiles/cmTC_68139.dir/CMAKE_SIZEOF_UNSIGNED_SHORT.c.o   -c /home/bartosz/Arko/allegro-5.2.7.0/build/CMakeFiles/CheckTypeSize/CMAKE_SIZEOF_UNSIGNED_SHORT.c
Linking C executable cmTC_68139
/usr/bin/cmake -E cmake_link_script CMakeFiles/cmTC_68139.dir/link.txt --verbose=1
/usr/bin/cc  -msse -W -Wall -Wpointer-arith -Wmissing-declarations -Wstrict-prototypes -Wmissing-prototypes     -rdynamic CMakeFiles/cmTC_68139.dir/CMAKE_SIZEOF_UNSIGNED_SHORT.c.o  -o cmTC_68139 
make[1]: Leaving directory '/home/bartosz/Arko/allegro-5.2.7.0/build/CMakeFiles/CMakeTmp'



Determining if the system is big endian passed with the following output:
Change Dir: /home/bartosz/Arko/allegro-5.2.7.0/build/CMakeFiles/CMakeTmp

Run Build Command(s):/usr/bin/make cmTC_899ee/fast && /usr/bin/make -f CMakeFiles/cmTC_899ee.dir/build.make CMakeFiles/cmTC_899ee.dir/build
make[1]: Entering directory '/home/bartosz/Arko/allegro-5.2.7.0/build/CMakeFiles/CMakeTmp'
Building C object CMakeFiles/cmTC_899ee.dir/TestEndianess.c.o
/usr/bin/cc   -msse -W -Wall -Wpointer-arith -Wmissing-declarations -Wstrict-prototypes -Wmissing-prototypes    -o CMakeFiles/cmTC_899ee.dir/TestEndianess.c.o   -c /home/bartosz/Arko/allegro-5.2.7.0/build/CMakeFiles/CMakeTmp/TestEndianess.c
Linking C executable cmTC_899ee
/usr/bin/cmake -E cmake_link_script CMakeFiles/cmTC_899ee.dir/link.txt --verbose=1
/usr/bin/cc  -msse -W -Wall -Wpointer-arith -Wmissing-declarations -Wstrict-prototypes -Wmissing-prototypes     -rdynamic CMakeFiles/cmTC_899ee.dir/TestEndianess.c.o  -o cmTC_899ee 
make[1]: Leaving directory '/home/bartosz/Arko/allegro-5.2.7.0/build/CMakeFiles/CMakeTmp'


TestEndianess.c:
/* A 16 bit integer is required. */
typedef unsigned short cmakeint16;

/* On a little endian machine, these 16bit ints will give "THIS IS LITTLE ENDIAN."
   On a big endian machine the characters will be exchanged pairwise. */
const cmakeint16 info_little[] =  {0x4854, 0x5349, 0x4920, 0x2053, 0x494c, 0x5454, 0x454c, 0x4520, 0x444e, 0x4149, 0x2e4e, 0x0000};

/* on a big endian machine, these 16bit ints will give "THIS IS BIG ENDIAN."
   On a little endian machine the characters will be exchanged pairwise. */
const cmakeint16 info_big[] =     {0x5448, 0x4953, 0x2049, 0x5320, 0x4249, 0x4720, 0x454e, 0x4449, 0x414e, 0x2e2e, 0x0000};

#ifdef __CLASSIC_C__
int main(argc, argv) int argc; char *argv[];
#else
int main(int argc, char *argv[])
#endif
{
  int require = 0;
  require += info_little[argc];
  require += info_big[argc];
  (void)argv;
  return require;
}


Determining if files dirent.h exist passed with the following output:
Change Dir: /home/bartosz/Arko/allegro-5.2.7.0/build/CMakeFiles/CMakeTmp

Run Build Command(s):/usr/bin/make cmTC_c30ce/fast && /usr/bin/make -f CMakeFiles/cmTC_c30ce.dir/build.make CMakeFiles/cmTC_c30ce.dir/build
make[1]: Entering directory '/home/bartosz/Arko/allegro-5.2.7.0/build/CMakeFiles/CMakeTmp'
Building C object CMakeFiles/cmTC_c30ce.dir/ALLEGRO_HAVE_DIRENT_H.c.o
/usr/bin/cc   -msse -W -Wall -Wpointer-arith -Wmissing-declarations -Wstrict-prototypes -Wmissing-prototypes    -o CMakeFiles/cmTC_c30ce.dir/ALLEGRO_HAVE_DIRENT_H.c.o   -c /home/bartosz/Arko/allegro-5.2.7.0/build/CMakeFiles/CheckIncludeFiles/ALLEGRO_HAVE_DIRENT_H.c
Linking C executable cmTC_c30ce
/usr/bin/cmake -E cmake_link_script CMakeFiles/cmTC_c30ce.dir/link.txt --verbose=1
/usr/bin/cc  -msse -W -Wall -Wpointer-arith -Wmissing-declarations -Wstrict-prototypes -Wmissing-prototypes     -rdynamic CMakeFiles/cmTC_c30ce.dir/ALLEGRO_HAVE_DIRENT_H.c.o  -o cmTC_c30ce 
make[1]: Leaving directory '/home/bartosz/Arko/allegro-5.2.7.0/build/CMakeFiles/CMakeTmp'



Determining if files inttypes.h exist passed with the following output:
Change Dir: /home/bartosz/Arko/allegro-5.2.7.0/build/CMakeFiles/CMakeTmp

Run Build Command(s):/usr/bin/make cmTC_7a331/fast && /usr/bin/make -f CMakeFiles/cmTC_7a331.dir/build.make CMakeFiles/cmTC_7a331.dir/build
make[1]: Entering directory '/home/bartosz/Arko/allegro-5.2.7.0/build/CMakeFiles/CMakeTmp'
Building C object CMakeFiles/cmTC_7a331.dir/ALLEGRO_HAVE_INTTYPES_H.c.o
/usr/bin/cc   -msse -W -Wall -Wpointer-arith -Wmissing-declarations -Wstrict-prototypes -Wmissing-prototypes    -o CMakeFiles/cmTC_7a331.dir/ALLEGRO_HAVE_INTTYPES_H.c.o   -c /home/bartosz/Arko/allegro-5.2.7.0/build/CMakeFiles/CheckIncludeFiles/ALLEGRO_HAVE_INTTYPES_H.c
Linking C executable cmTC_7a331
/usr/bin/cmake -E cmake_link_script CMakeFiles/cmTC_7a331.dir/link.txt --verbose=1
/usr/bin/cc  -msse -W -Wall -Wpointer-arith -Wmissing-declarations -Wstrict-prototypes -Wmissing-prototypes     -rdynamic CMakeFiles/cmTC_7a331.dir/ALLEGRO_HAVE_INTTYPES_H.c.o  -o cmTC_7a331 
make[1]: Leaving directory '/home/bartosz/Arko/allegro-5.2.7.0/build/CMakeFiles/CMakeTmp'



Determining if files linux/input.h exist passed with the following output:
Change Dir: /home/bartosz/Arko/allegro-5.2.7.0/build/CMakeFiles/CMakeTmp

Run Build Command(s):/usr/bin/make cmTC_060fe/fast && /usr/bin/make -f CMakeFiles/cmTC_060fe.dir/build.make CMakeFiles/cmTC_060fe.dir/build
make[1]: Entering directory '/home/bartosz/Arko/allegro-5.2.7.0/build/CMakeFiles/CMakeTmp'
Building C object CMakeFiles/cmTC_060fe.dir/ALLEGRO_HAVE_LINUX_INPUT_H.c.o
/usr/bin/cc   -msse -W -Wall -Wpointer-arith -Wmissing-declarations -Wstrict-prototypes -Wmissing-prototypes    -o CMakeFiles/cmTC_060fe.dir/ALLEGRO_HAVE_LINUX_INPUT_H.c.o   -c /home/bartosz/Arko/allegro-5.2.7.0/build/CMakeFiles/CheckIncludeFiles/ALLEGRO_HAVE_LINUX_INPUT_H.c
Linking C executable cmTC_060fe
/usr/bin/cmake -E cmake_link_script CMakeFiles/cmTC_060fe.dir/link.txt --verbose=1
/usr/bin/cc  -msse -W -Wall -Wpointer-arith -Wmissing-declarations -Wstrict-prototypes -Wmissing-prototypes     -rdynamic CMakeFiles/cmTC_060fe.dir/ALLEGRO_HAVE_LINUX_INPUT_H.c.o  -o cmTC_060fe 
make[1]: Leaving directory '/home/bartosz/Arko/allegro-5.2.7.0/build/CMakeFiles/CMakeTmp'



Determining if files stdbool.h exist passed with the following output:
Change Dir: /home/bartosz/Arko/allegro-5.2.7.0/build/CMakeFiles/CMakeTmp

Run Build Command(s):/usr/bin/make cmTC_a994e/fast && /usr/bin/make -f CMakeFiles/cmTC_a994e.dir/build.make CMakeFiles/cmTC_a994e.dir/build
make[1]: Entering directory '/home/bartosz/Arko/allegro-5.2.7.0/build/CMakeFiles/CMakeTmp'
Building C object CMakeFiles/cmTC_a994e.dir/ALLEGRO_HAVE_STDBOOL_H.c.o
/usr/bin/cc   -msse -W -Wall -Wpointer-arith -Wmissing-declarations -Wstrict-prototypes -Wmissing-prototypes    -o CMakeFiles/cmTC_a994e.dir/ALLEGRO_HAVE_STDBOOL_H.c.o   -c /home/bartosz/Arko/allegro-5.2.7.0/build/CMakeFiles/CheckIncludeFiles/ALLEGRO_HAVE_STDBOOL_H.c
Linking C executable cmTC_a994e
/usr/bin/cmake -E cmake_link_script CMakeFiles/cmTC_a994e.dir/link.txt --verbose=1
/usr/bin/cc  -msse -W -Wall -Wpointer-arith -Wmissing-declarations -Wstrict-prototypes -Wmissing-prototypes     -rdynamic CMakeFiles/cmTC_a994e.dir/ALLEGRO_HAVE_STDBOOL_H.c.o  -o cmTC_a994e 
make[1]: Leaving directory '/home/bartosz/Arko/allegro-5.2.7.0/build/CMakeFiles/CMakeTmp'



Determining if files stdint.h exist passed with the following output:
Change Dir: /home/bartosz/Arko/allegro-5.2.7.0/build/CMakeFiles/CMakeTmp

Run Build Command(s):/usr/bin/make cmTC_a893c/fast && /usr/bin/make -f CMakeFiles/cmTC_a893c.dir/build.make CMakeFiles/cmTC_a893c.dir/build
make[1]: Entering directory '/home/bartosz/Arko/allegro-5.2.7.0/build/CMakeFiles/CMakeTmp'
Building C object CMakeFiles/cmTC_a893c.dir/ALLEGRO_HAVE_STDINT_H.c.o
/usr/bin/cc   -msse -W -Wall -Wpointer-arith -Wmissing-declarations -Wstrict-prototypes -Wmissing-prototypes    -o CMakeFiles/cmTC_a893c.dir/ALLEGRO_HAVE_STDINT_H.c.o   -c /home/bartosz/Arko/allegro-5.2.7.0/build/CMakeFiles/CheckIncludeFiles/ALLEGRO_HAVE_STDINT_H.c
Linking C executable cmTC_a893c
/usr/bin/cmake -E cmake_link_script CMakeFiles/cmTC_a893c.dir/link.txt --verbose=1
/usr/bin/cc  -msse -W -Wall -Wpointer-arith -Wmissing-declarations -Wstrict-prototypes -Wmissing-prototypes     -rdynamic CMakeFiles/cmTC_a893c.dir/ALLEGRO_HAVE_STDINT_H.c.o  -o cmTC_a893c 
make[1]: Leaving directory '/home/bartosz/Arko/allegro-5.2.7.0/build/CMakeFiles/CMakeTmp'



Determining if files sys/io.h exist passed with the following output:
Change Dir: /home/bartosz/Arko/allegro-5.2.7.0/build/CMakeFiles/CMakeTmp

Run Build Command(s):/usr/bin/make cmTC_84f61/fast && /usr/bin/make -f CMakeFiles/cmTC_84f61.dir/build.make CMakeFiles/cmTC_84f61.dir/build
make[1]: Entering directory '/home/bartosz/Arko/allegro-5.2.7.0/build/CMakeFiles/CMakeTmp'
Building C object CMakeFiles/cmTC_84f61.dir/ALLEGRO_HAVE_SYS_IO_H.c.o
/usr/bin/cc   -msse -W -Wall -Wpointer-arith -Wmissing-declarations -Wstrict-prototypes -Wmissing-prototypes    -o CMakeFiles/cmTC_84f61.dir/ALLEGRO_HAVE_SYS_IO_H.c.o   -c /home/bartosz/Arko/allegro-5.2.7.0/build/CMakeFiles/CheckIncludeFiles/ALLEGRO_HAVE_SYS_IO_H.c
Linking C executable cmTC_84f61
/usr/bin/cmake -E cmake_link_script CMakeFiles/cmTC_84f61.dir/link.txt --verbose=1
/usr/bin/cc  -msse -W -Wall -Wpointer-arith -Wmissing-declarations -Wstrict-prototypes -Wmissing-prototypes     -rdynamic CMakeFiles/cmTC_84f61.dir/ALLEGRO_HAVE_SYS_IO_H.c.o  -o cmTC_84f61 
make[1]: Leaving directory '/home/bartosz/Arko/allegro-5.2.7.0/build/CMakeFiles/CMakeTmp'



Determining if files sys/stat.h exist passed with the following output:
Change Dir: /home/bartosz/Arko/allegro-5.2.7.0/build/CMakeFiles/CMakeTmp

Run Build Command(s):/usr/bin/make cmTC_f3c10/fast && /usr/bin/make -f CMakeFiles/cmTC_f3c10.dir/build.make CMakeFiles/cmTC_f3c10.dir/build
make[1]: Entering directory '/home/bartosz/Arko/allegro-5.2.7.0/build/CMakeFiles/CMakeTmp'
Building C object CMakeFiles/cmTC_f3c10.dir/ALLEGRO_HAVE_SYS_STAT_H.c.o
/usr/bin/cc   -msse -W -Wall -Wpointer-arith -Wmissing-declarations -Wstrict-prototypes -Wmissing-prototypes    -o CMakeFiles/cmTC_f3c10.dir/ALLEGRO_HAVE_SYS_STAT_H.c.o   -c /home/bartosz/Arko/allegro-5.2.7.0/build/CMakeFiles/CheckIncludeFiles/ALLEGRO_HAVE_SYS_STAT_H.c
Linking C executable cmTC_f3c10
/usr/bin/cmake -E cmake_link_script CMakeFiles/cmTC_f3c10.dir/link.txt --verbose=1
/usr/bin/cc  -msse -W -Wall -Wpointer-arith -Wmissing-declarations -Wstrict-prototypes -Wmissing-prototypes     -rdynamic CMakeFiles/cmTC_f3c10.dir/ALLEGRO_HAVE_SYS_STAT_H.c.o  -o cmTC_f3c10 
make[1]: Leaving directory '/home/bartosz/Arko/allegro-5.2.7.0/build/CMakeFiles/CMakeTmp'



Determining if files sys/time.h exist passed with the following output:
Change Dir: /home/bartosz/Arko/allegro-5.2.7.0/build/CMakeFiles/CMakeTmp

Run Build Command(s):/usr/bin/make cmTC_5d0d5/fast && /usr/bin/make -f CMakeFiles/cmTC_5d0d5.dir/build.make CMakeFiles/cmTC_5d0d5.dir/build
make[1]: Entering directory '/home/bartosz/Arko/allegro-5.2.7.0/build/CMakeFiles/CMakeTmp'
Building C object CMakeFiles/cmTC_5d0d5.dir/ALLEGRO_HAVE_SYS_TIME_H.c.o
/usr/bin/cc   -msse -W -Wall -Wpointer-arith -Wmissing-declarations -Wstrict-prototypes -Wmissing-prototypes    -o CMakeFiles/cmTC_5d0d5.dir/ALLEGRO_HAVE_SYS_TIME_H.c.o   -c /home/bartosz/Arko/allegro-5.2.7.0/build/CMakeFiles/CheckIncludeFiles/ALLEGRO_HAVE_SYS_TIME_H.c
Linking C executable cmTC_5d0d5
/usr/bin/cmake -E cmake_link_script CMakeFiles/cmTC_5d0d5.dir/link.txt --verbose=1
/usr/bin/cc  -msse -W -Wall -Wpointer-arith -Wmissing-declarations -Wstrict-prototypes -Wmissing-prototypes     -rdynamic CMakeFiles/cmTC_5d0d5.dir/ALLEGRO_HAVE_SYS_TIME_H.c.o  -o cmTC_5d0d5 
make[1]: Leaving directory '/home/bartosz/Arko/allegro-5.2.7.0/build/CMakeFiles/CMakeTmp'



Determining if files time.h exist passed with the following output:
Change Dir: /home/bartosz/Arko/allegro-5.2.7.0/build/CMakeFiles/CMakeTmp

Run Build Command(s):/usr/bin/make cmTC_fae2d/fast && /usr/bin/make -f CMakeFiles/cmTC_fae2d.dir/build.make CMakeFiles/cmTC_fae2d.dir/build
make[1]: Entering directory '/home/bartosz/Arko/allegro-5.2.7.0/build/CMakeFiles/CMakeTmp'
Building C object CMakeFiles/cmTC_fae2d.dir/ALLEGRO_HAVE_TIME_H.c.o
/usr/bin/cc   -msse -W -Wall -Wpointer-arith -Wmissing-declarations -Wstrict-prototypes -Wmissing-prototypes    -o CMakeFiles/cmTC_fae2d.dir/ALLEGRO_HAVE_TIME_H.c.o   -c /home/bartosz/Arko/allegro-5.2.7.0/build/CMakeFiles/CheckIncludeFiles/ALLEGRO_HAVE_TIME_H.c
Linking C executable cmTC_fae2d
/usr/bin/cmake -E cmake_link_script CMakeFiles/cmTC_fae2d.dir/link.txt --verbose=1
/usr/bin/cc  -msse -W -Wall -Wpointer-arith -Wmissing-declarations -Wstrict-prototypes -Wmissing-prototypes     -rdynamic CMakeFiles/cmTC_fae2d.dir/ALLEGRO_HAVE_TIME_H.c.o  -o cmTC_fae2d 
make[1]: Leaving directory '/home/bartosz/Arko/allegro-5.2.7.0/build/CMakeFiles/CMakeTmp'



Determining if files sys/utsname.h exist passed with the following output:
Change Dir: /home/bartosz/Arko/allegro-5.2.7.0/build/CMakeFiles/CMakeTmp

Run Build Command(s):/usr/bin/make cmTC_4db30/fast && /usr/bin/make -f CMakeFiles/cmTC_4db30.dir/build.make CMakeFiles/cmTC_4db30.dir/build
make[1]: Entering directory '/home/bartosz/Arko/allegro-5.2.7.0/build/CMakeFiles/CMakeTmp'
Building C object CMakeFiles/cmTC_4db30.dir/ALLEGRO_HAVE_SYS_UTSNAME_H.c.o
/usr/bin/cc   -msse -W -Wall -Wpointer-arith -Wmissing-declarations -Wstrict-prototypes -Wmissing-prototypes    -o CMakeFiles/cmTC_4db30.dir/ALLEGRO_HAVE_SYS_UTSNAME_H.c.o   -c /home/bartosz/Arko/allegro-5.2.7.0/build/CMakeFiles/CheckIncludeFiles/ALLEGRO_HAVE_SYS_UTSNAME_H.c
Linking C executable cmTC_4db30
/usr/bin/cmake -E cmake_link_script CMakeFiles/cmTC_4db30.dir/link.txt --verbose=1
/usr/bin/cc  -msse -W -Wall -Wpointer-arith -Wmissing-declarations -Wstrict-prototypes -Wmissing-prototypes     -rdynamic CMakeFiles/cmTC_4db30.dir/ALLEGRO_HAVE_SYS_UTSNAME_H.c.o  -o cmTC_4db30 
make[1]: Leaving directory '/home/bartosz/Arko/allegro-5.2.7.0/build/CMakeFiles/CMakeTmp'



Determining if files sys/types.h exist passed with the following output:
Change Dir: /home/bartosz/Arko/allegro-5.2.7.0/build/CMakeFiles/CMakeTmp

Run Build Command(s):/usr/bin/make cmTC_57188/fast && /usr/bin/make -f CMakeFiles/cmTC_57188.dir/build.make CMakeFiles/cmTC_57188.dir/build
make[1]: Entering directory '/home/bartosz/Arko/allegro-5.2.7.0/build/CMakeFiles/CMakeTmp'
Building C object CMakeFiles/cmTC_57188.dir/ALLEGRO_HAVE_SYS_TYPES_H.c.o
/usr/bin/cc   -msse -W -Wall -Wpointer-arith -Wmissing-declarations -Wstrict-prototypes -Wmissing-prototypes    -o CMakeFiles/cmTC_57188.dir/ALLEGRO_HAVE_SYS_TYPES_H.c.o   -c /home/bartosz/Arko/allegro-5.2.7.0/build/CMakeFiles/CheckIncludeFiles/ALLEGRO_HAVE_SYS_TYPES_H.c
Linking C executable cmTC_57188
/usr/bin/cmake -E cmake_link_script CMakeFiles/cmTC_57188.dir/link.txt --verbose=1
/usr/bin/cc  -msse -W -Wall -Wpointer-arith -Wmissing-declarations -Wstrict-prototypes -Wmissing-prototypes     -rdynamic CMakeFiles/cmTC_57188.dir/ALLEGRO_HAVE_SYS_TYPES_H.c.o  -o cmTC_57188 
make[1]: Leaving directory '/home/bartosz/Arko/allegro-5.2.7.0/build/CMakeFiles/CMakeTmp'



Determining if files sys/soundcard.h exist passed with the following output:
Change Dir: /home/bartosz/Arko/allegro-5.2.7.0/build/CMakeFiles/CMakeTmp

Run Build Command(s):/usr/bin/make cmTC_d5b5d/fast && /usr/bin/make -f CMakeFiles/cmTC_d5b5d.dir/build.make CMakeFiles/cmTC_d5b5d.dir/build
make[1]: Entering directory '/home/bartosz/Arko/allegro-5.2.7.0/build/CMakeFiles/CMakeTmp'
Building C object CMakeFiles/cmTC_d5b5d.dir/ALLEGRO_HAVE_SYS_SOUNDCARD_H.c.o
/usr/bin/cc   -msse -W -Wall -Wpointer-arith -Wmissing-declarations -Wstrict-prototypes -Wmissing-prototypes    -o CMakeFiles/cmTC_d5b5d.dir/ALLEGRO_HAVE_SYS_SOUNDCARD_H.c.o   -c /home/bartosz/Arko/allegro-5.2.7.0/build/CMakeFiles/CheckIncludeFiles/ALLEGRO_HAVE_SYS_SOUNDCARD_H.c
Linking C executable cmTC_d5b5d
/usr/bin/cmake -E cmake_link_script CMakeFiles/cmTC_d5b5d.dir/link.txt --verbose=1
/usr/bin/cc  -msse -W -Wall -Wpointer-arith -Wmissing-declarations -Wstrict-prototypes -Wmissing-prototypes     -rdynamic CMakeFiles/cmTC_d5b5d.dir/ALLEGRO_HAVE_SYS_SOUNDCARD_H.c.o  -o cmTC_d5b5d 
make[1]: Leaving directory '/home/bartosz/Arko/allegro-5.2.7.0/build/CMakeFiles/CMakeTmp'



Determining if files linux/soundcard.h exist passed with the following output:
Change Dir: /home/bartosz/Arko/allegro-5.2.7.0/build/CMakeFiles/CMakeTmp

Run Build Command(s):/usr/bin/make cmTC_100ef/fast && /usr/bin/make -f CMakeFiles/cmTC_100ef.dir/build.make CMakeFiles/cmTC_100ef.dir/build
make[1]: Entering directory '/home/bartosz/Arko/allegro-5.2.7.0/build/CMakeFiles/CMakeTmp'
Building C object CMakeFiles/cmTC_100ef.dir/ALLEGRO_HAVE_LINUX_SOUNDCARD_H.c.o
/usr/bin/cc   -msse -W -Wall -Wpointer-arith -Wmissing-declarations -Wstrict-prototypes -Wmissing-prototypes    -o CMakeFiles/cmTC_100ef.dir/ALLEGRO_HAVE_LINUX_SOUNDCARD_H.c.o   -c /home/bartosz/Arko/allegro-5.2.7.0/build/CMakeFiles/CheckIncludeFiles/ALLEGRO_HAVE_LINUX_SOUNDCARD_H.c
Linking C executable cmTC_100ef
/usr/bin/cmake -E cmake_link_script CMakeFiles/cmTC_100ef.dir/link.txt --verbose=1
/usr/bin/cc  -msse -W -Wall -Wpointer-arith -Wmissing-declarations -Wstrict-prototypes -Wmissing-prototypes     -rdynamic CMakeFiles/cmTC_100ef.dir/ALLEGRO_HAVE_LINUX_SOUNDCARD_H.c.o  -o cmTC_100ef 
make[1]: Leaving directory '/home/bartosz/Arko/allegro-5.2.7.0/build/CMakeFiles/CMakeTmp'



Determining if files sys/inotify.h exist passed with the following output:
Change Dir: /home/bartosz/Arko/allegro-5.2.7.0/build/CMakeFiles/CMakeTmp

Run Build Command(s):/usr/bin/make cmTC_508c9/fast && /usr/bin/make -f CMakeFiles/cmTC_508c9.dir/build.make CMakeFiles/cmTC_508c9.dir/build
make[1]: Entering directory '/home/bartosz/Arko/allegro-5.2.7.0/build/CMakeFiles/CMakeTmp'
Building C object CMakeFiles/cmTC_508c9.dir/ALLEGRO_HAVE_SYS_INOTIFY_H.c.o
/usr/bin/cc   -msse -W -Wall -Wpointer-arith -Wmissing-declarations -Wstrict-prototypes -Wmissing-prototypes    -o CMakeFiles/cmTC_508c9.dir/ALLEGRO_HAVE_SYS_INOTIFY_H.c.o   -c /home/bartosz/Arko/allegro-5.2.7.0/build/CMakeFiles/CheckIncludeFiles/ALLEGRO_HAVE_SYS_INOTIFY_H.c
Linking C executable cmTC_508c9
/usr/bin/cmake -E cmake_link_script CMakeFiles/cmTC_508c9.dir/link.txt --verbose=1
/usr/bin/cc  -msse -W -Wall -Wpointer-arith -Wmissing-declarations -Wstrict-prototypes -Wmissing-prototypes     -rdynamic CMakeFiles/cmTC_508c9.dir/ALLEGRO_HAVE_SYS_INOTIFY_H.c.o  -o cmTC_508c9 
make[1]: Leaving directory '/home/bartosz/Arko/allegro-5.2.7.0/build/CMakeFiles/CMakeTmp'



Determining if the function mkstemp exists passed with the following output:
Change Dir: /home/bartosz/Arko/allegro-5.2.7.0/build/CMakeFiles/CMakeTmp

Run Build Command(s):/usr/bin/make cmTC_6bfc6/fast && /usr/bin/make -f CMakeFiles/cmTC_6bfc6.dir/build.make CMakeFiles/cmTC_6bfc6.dir/build
make[1]: Entering directory '/home/bartosz/Arko/allegro-5.2.7.0/build/CMakeFiles/CMakeTmp'
Building C object CMakeFiles/cmTC_6bfc6.dir/CheckFunctionExists.c.o
/usr/bin/cc   -msse -W -Wall -Wpointer-arith -Wmissing-declarations -Wstrict-prototypes -Wmissing-prototypes -DCHECK_FUNCTION_EXISTS=mkstemp   -o CMakeFiles/cmTC_6bfc6.dir/CheckFunctionExists.c.o   -c /usr/share/cmake-3.16/Modules/CheckFunctionExists.c
Linking C executable cmTC_6bfc6
/usr/bin/cmake -E cmake_link_script CMakeFiles/cmTC_6bfc6.dir/link.txt --verbose=1
/usr/bin/cc  -msse -W -Wall -Wpointer-arith -Wmissing-declarations -Wstrict-prototypes -Wmissing-prototypes -DCHECK_FUNCTION_EXISTS=mkstemp    -rdynamic CMakeFiles/cmTC_6bfc6.dir/CheckFunctionExists.c.o  -o cmTC_6bfc6 
make[1]: Leaving directory '/home/bartosz/Arko/allegro-5.2.7.0/build/CMakeFiles/CMakeTmp'



Determining if the function mmap exists passed with the following output:
Change Dir: /home/bartosz/Arko/allegro-5.2.7.0/build/CMakeFiles/CMakeTmp

Run Build Command(s):/usr/bin/make cmTC_f7d4b/fast && /usr/bin/make -f CMakeFiles/cmTC_f7d4b.dir/build.make CMakeFiles/cmTC_f7d4b.dir/build
make[1]: Entering directory '/home/bartosz/Arko/allegro-5.2.7.0/build/CMakeFiles/CMakeTmp'
Building C object CMakeFiles/cmTC_f7d4b.dir/CheckFunctionExists.c.o
/usr/bin/cc   -msse -W -Wall -Wpointer-arith -Wmissing-declarations -Wstrict-prototypes -Wmissing-prototypes -DCHECK_FUNCTION_EXISTS=mmap   -o CMakeFiles/cmTC_f7d4b.dir/CheckFunctionExists.c.o   -c /usr/share/cmake-3.16/Modules/CheckFunctionExists.c
Linking C executable cmTC_f7d4b
/usr/bin/cmake -E cmake_link_script CMakeFiles/cmTC_f7d4b.dir/link.txt --verbose=1
/usr/bin/cc  -msse -W -Wall -Wpointer-arith -Wmissing-declarations -Wstrict-prototypes -Wmissing-prototypes -DCHECK_FUNCTION_EXISTS=mmap    -rdynamic CMakeFiles/cmTC_f7d4b.dir/CheckFunctionExists.c.o  -o cmTC_f7d4b 
make[1]: Leaving directory '/home/bartosz/Arko/allegro-5.2.7.0/build/CMakeFiles/CMakeTmp'



Determining if the function mprotect exists passed with the following output:
Change Dir: /home/bartosz/Arko/allegro-5.2.7.0/build/CMakeFiles/CMakeTmp

Run Build Command(s):/usr/bin/make cmTC_77763/fast && /usr/bin/make -f CMakeFiles/cmTC_77763.dir/build.make CMakeFiles/cmTC_77763.dir/build
make[1]: Entering directory '/home/bartosz/Arko/allegro-5.2.7.0/build/CMakeFiles/CMakeTmp'
Building C object CMakeFiles/cmTC_77763.dir/CheckFunctionExists.c.o
/usr/bin/cc   -msse -W -Wall -Wpointer-arith -Wmissing-declarations -Wstrict-prototypes -Wmissing-prototypes -DCHECK_FUNCTION_EXISTS=mprotect   -o CMakeFiles/cmTC_77763.dir/CheckFunctionExists.c.o   -c /usr/share/cmake-3.16/Modules/CheckFunctionExists.c
Linking C executable cmTC_77763
/usr/bin/cmake -E cmake_link_script CMakeFiles/cmTC_77763.dir/link.txt --verbose=1
/usr/bin/cc  -msse -W -Wall -Wpointer-arith -Wmissing-declarations -Wstrict-prototypes -Wmissing-prototypes -DCHECK_FUNCTION_EXISTS=mprotect    -rdynamic CMakeFiles/cmTC_77763.dir/CheckFunctionExists.c.o  -o cmTC_77763 
make[1]: Leaving directory '/home/bartosz/Arko/allegro-5.2.7.0/build/CMakeFiles/CMakeTmp'



Determining if the function sched_yield exists passed with the following output:
Change Dir: /home/bartosz/Arko/allegro-5.2.7.0/build/CMakeFiles/CMakeTmp

Run Build Command(s):/usr/bin/make cmTC_94b39/fast && /usr/bin/make -f CMakeFiles/cmTC_94b39.dir/build.make CMakeFiles/cmTC_94b39.dir/build
make[1]: Entering directory '/home/bartosz/Arko/allegro-5.2.7.0/build/CMakeFiles/CMakeTmp'
Building C object CMakeFiles/cmTC_94b39.dir/CheckFunctionExists.c.o
/usr/bin/cc   -msse -W -Wall -Wpointer-arith -Wmissing-declarations -Wstrict-prototypes -Wmissing-prototypes -DCHECK_FUNCTION_EXISTS=sched_yield   -o CMakeFiles/cmTC_94b39.dir/CheckFunctionExists.c.o   -c /usr/share/cmake-3.16/Modules/CheckFunctionExists.c
Linking C executable cmTC_94b39
/usr/bin/cmake -E cmake_link_script CMakeFiles/cmTC_94b39.dir/link.txt --verbose=1
/usr/bin/cc  -msse -W -Wall -Wpointer-arith -Wmissing-declarations -Wstrict-prototypes -Wmissing-prototypes -DCHECK_FUNCTION_EXISTS=sched_yield    -rdynamic CMakeFiles/cmTC_94b39.dir/CheckFunctionExists.c.o  -o cmTC_94b39 
make[1]: Leaving directory '/home/bartosz/Arko/allegro-5.2.7.0/build/CMakeFiles/CMakeTmp'



Determining if the function sysconf exists passed with the following output:
Change Dir: /home/bartosz/Arko/allegro-5.2.7.0/build/CMakeFiles/CMakeTmp

Run Build Command(s):/usr/bin/make cmTC_10d24/fast && /usr/bin/make -f CMakeFiles/cmTC_10d24.dir/build.make CMakeFiles/cmTC_10d24.dir/build
make[1]: Entering directory '/home/bartosz/Arko/allegro-5.2.7.0/build/CMakeFiles/CMakeTmp'
Building C object CMakeFiles/cmTC_10d24.dir/CheckFunctionExists.c.o
/usr/bin/cc   -msse -W -Wall -Wpointer-arith -Wmissing-declarations -Wstrict-prototypes -Wmissing-prototypes -DCHECK_FUNCTION_EXISTS=sysconf   -o CMakeFiles/cmTC_10d24.dir/CheckFunctionExists.c.o   -c /usr/share/cmake-3.16/Modules/CheckFunctionExists.c
Linking C executable cmTC_10d24
/usr/bin/cmake -E cmake_link_script CMakeFiles/cmTC_10d24.dir/link.txt --verbose=1
/usr/bin/cc  -msse -W -Wall -Wpointer-arith -Wmissing-declarations -Wstrict-prototypes -Wmissing-prototypes -DCHECK_FUNCTION_EXISTS=sysconf    -rdynamic CMakeFiles/cmTC_10d24.dir/CheckFunctionExists.c.o  -o cmTC_10d24 
make[1]: Leaving directory '/home/bartosz/Arko/allegro-5.2.7.0/build/CMakeFiles/CMakeTmp'



Determining if the function fseeko exists passed with the following output:
Change Dir: /home/bartosz/Arko/allegro-5.2.7.0/build/CMakeFiles/CMakeTmp

Run Build Command(s):/usr/bin/make cmTC_166a6/fast && /usr/bin/make -f CMakeFiles/cmTC_166a6.dir/build.make CMakeFiles/cmTC_166a6.dir/build
make[1]: Entering directory '/home/bartosz/Arko/allegro-5.2.7.0/build/CMakeFiles/CMakeTmp'
Building C object CMakeFiles/cmTC_166a6.dir/CheckFunctionExists.c.o
/usr/bin/cc   -msse -W -Wall -Wpointer-arith -Wmissing-declarations -Wstrict-prototypes -Wmissing-prototypes -DCHECK_FUNCTION_EXISTS=fseeko   -o CMakeFiles/cmTC_166a6.dir/CheckFunctionExists.c.o   -c /usr/share/cmake-3.16/Modules/CheckFunctionExists.c
Linking C executable cmTC_166a6
/usr/bin/cmake -E cmake_link_script CMakeFiles/cmTC_166a6.dir/link.txt --verbose=1
/usr/bin/cc  -msse -W -Wall -Wpointer-arith -Wmissing-declarations -Wstrict-prototypes -Wmissing-prototypes -DCHECK_FUNCTION_EXISTS=fseeko    -rdynamic CMakeFiles/cmTC_166a6.dir/CheckFunctionExists.c.o  -o cmTC_166a6 
make[1]: Leaving directory '/home/bartosz/Arko/allegro-5.2.7.0/build/CMakeFiles/CMakeTmp'



Determining if the function ftello exists passed with the following output:
Change Dir: /home/bartosz/Arko/allegro-5.2.7.0/build/CMakeFiles/CMakeTmp

Run Build Command(s):/usr/bin/make cmTC_2c902/fast && /usr/bin/make -f CMakeFiles/cmTC_2c902.dir/build.make CMakeFiles/cmTC_2c902.dir/build
make[1]: Entering directory '/home/bartosz/Arko/allegro-5.2.7.0/build/CMakeFiles/CMakeTmp'
Building C object CMakeFiles/cmTC_2c902.dir/CheckFunctionExists.c.o
/usr/bin/cc   -msse -W -Wall -Wpointer-arith -Wmissing-declarations -Wstrict-prototypes -Wmissing-prototypes -DCHECK_FUNCTION_EXISTS=ftello   -o CMakeFiles/cmTC_2c902.dir/CheckFunctionExists.c.o   -c /usr/share/cmake-3.16/Modules/CheckFunctionExists.c
Linking C executable cmTC_2c902
/usr/bin/cmake -E cmake_link_script CMakeFiles/cmTC_2c902.dir/link.txt --verbose=1
/usr/bin/cc  -msse -W -Wall -Wpointer-arith -Wmissing-declarations -Wstrict-prototypes -Wmissing-prototypes -DCHECK_FUNCTION_EXISTS=ftello    -rdynamic CMakeFiles/cmTC_2c902.dir/CheckFunctionExists.c.o  -o cmTC_2c902 
make[1]: Leaving directory '/home/bartosz/Arko/allegro-5.2.7.0/build/CMakeFiles/CMakeTmp'



Determining if the function strerror_r exists passed with the following output:
Change Dir: /home/bartosz/Arko/allegro-5.2.7.0/build/CMakeFiles/CMakeTmp

Run Build Command(s):/usr/bin/make cmTC_e36e9/fast && /usr/bin/make -f CMakeFiles/cmTC_e36e9.dir/build.make CMakeFiles/cmTC_e36e9.dir/build
make[1]: Entering directory '/home/bartosz/Arko/allegro-5.2.7.0/build/CMakeFiles/CMakeTmp'
Building C object CMakeFiles/cmTC_e36e9.dir/CheckFunctionExists.c.o
/usr/bin/cc   -msse -W -Wall -Wpointer-arith -Wmissing-declarations -Wstrict-prototypes -Wmissing-prototypes -DCHECK_FUNCTION_EXISTS=strerror_r   -o CMakeFiles/cmTC_e36e9.dir/CheckFunctionExists.c.o   -c /usr/share/cmake-3.16/Modules/CheckFunctionExists.c
Linking C executable cmTC_e36e9
/usr/bin/cmake -E cmake_link_script CMakeFiles/cmTC_e36e9.dir/link.txt --verbose=1
/usr/bin/cc  -msse -W -Wall -Wpointer-arith -Wmissing-declarations -Wstrict-prototypes -Wmissing-prototypes -DCHECK_FUNCTION_EXISTS=strerror_r    -rdynamic CMakeFiles/cmTC_e36e9.dir/CheckFunctionExists.c.o  -o cmTC_e36e9 
make[1]: Leaving directory '/home/bartosz/Arko/allegro-5.2.7.0/build/CMakeFiles/CMakeTmp'



Determining size of _Bool passed with the following output:
Change Dir: /home/bartosz/Arko/allegro-5.2.7.0/build/CMakeFiles/CMakeTmp

Run Build Command(s):/usr/bin/make cmTC_80a0b/fast && /usr/bin/make -f CMakeFiles/cmTC_80a0b.dir/build.make CMakeFiles/cmTC_80a0b.dir/build
make[1]: Entering directory '/home/bartosz/Arko/allegro-5.2.7.0/build/CMakeFiles/CMakeTmp'
Building C object CMakeFiles/cmTC_80a0b.dir/ALLEGRO_HAVE__BOOL.c.o
/usr/bin/cc   -msse -W -Wall -Wpointer-arith -Wmissing-declarations -Wstrict-prototypes -Wmissing-prototypes    -o CMakeFiles/cmTC_80a0b.dir/ALLEGRO_HAVE__BOOL.c.o   -c /home/bartosz/Arko/allegro-5.2.7.0/build/CMakeFiles/CheckTypeSize/ALLEGRO_HAVE__BOOL.c
Linking C executable cmTC_80a0b
/usr/bin/cmake -E cmake_link_script CMakeFiles/cmTC_80a0b.dir/link.txt --verbose=1
/usr/bin/cc  -msse -W -Wall -Wpointer-arith -Wmissing-declarations -Wstrict-prototypes -Wmissing-prototypes     -rdynamic CMakeFiles/cmTC_80a0b.dir/ALLEGRO_HAVE__BOOL.c.o  -o cmTC_80a0b 
make[1]: Leaving directory '/home/bartosz/Arko/allegro-5.2.7.0/build/CMakeFiles/CMakeTmp'



Performing C SOURCE FILE Test ALLEGRO_HAVE_VA_COPY succeeded with the following output:
Change Dir: /home/bartosz/Arko/allegro-5.2.7.0/build/CMakeFiles/CMakeTmp

Run Build Command(s):/usr/bin/make cmTC_33bb8/fast && /usr/bin/make -f CMakeFiles/cmTC_33bb8.dir/build.make CMakeFiles/cmTC_33bb8.dir/build
make[1]: Entering directory '/home/bartosz/Arko/allegro-5.2.7.0/build/CMakeFiles/CMakeTmp'
Building C object CMakeFiles/cmTC_33bb8.dir/src.c.o
/usr/bin/cc   -msse -W -Wall -Wpointer-arith -Wmissing-declarations -Wstrict-prototypes -Wmissing-prototypes -DALLEGRO_HAVE_VA_COPY   -o CMakeFiles/cmTC_33bb8.dir/src.c.o   -c /home/bartosz/Arko/allegro-5.2.7.0/build/CMakeFiles/CMakeTmp/src.c
Linking C executable cmTC_33bb8
/usr/bin/cmake -E cmake_link_script CMakeFiles/cmTC_33bb8.dir/link.txt --verbose=1
/usr/bin/cc  -msse -W -Wall -Wpointer-arith -Wmissing-declarations -Wstrict-prototypes -Wmissing-prototypes -DALLEGRO_HAVE_VA_COPY    -rdynamic CMakeFiles/cmTC_33bb8.dir/src.c.o  -o cmTC_33bb8 
make[1]: Leaving directory '/home/bartosz/Arko/allegro-5.2.7.0/build/CMakeFiles/CMakeTmp'


Source file was:

    #include <stdarg.h>
    int main(void) {
        va_list a, b;
        va_copy(a, b);
        return 0;
    }
Determining if the include file pthread.h exists passed with the following output:
Change Dir: /home/bartosz/Arko/allegro-5.2.7.0/build/CMakeFiles/CMakeTmp

Run Build Command(s):/usr/bin/make cmTC_95499/fast && /usr/bin/make -f CMakeFiles/cmTC_95499.dir/build.make CMakeFiles/cmTC_95499.dir/build
make[1]: Entering directory '/home/bartosz/Arko/allegro-5.2.7.0/build/CMakeFiles/CMakeTmp'
Building C object CMakeFiles/cmTC_95499.dir/CheckIncludeFile.c.o
/usr/bin/cc   -msse -W -Wall -Wpointer-arith -Wmissing-declarations -Wstrict-prototypes -Wmissing-prototypes    -o CMakeFiles/cmTC_95499.dir/CheckIncludeFile.c.o   -c /home/bartosz/Arko/allegro-5.2.7.0/build/CMakeFiles/CMakeTmp/CheckIncludeFile.c
Linking C executable cmTC_95499
/usr/bin/cmake -E cmake_link_script CMakeFiles/cmTC_95499.dir/link.txt --verbose=1
/usr/bin/cc  -msse -W -Wall -Wpointer-arith -Wmissing-declarations -Wstrict-prototypes -Wmissing-prototypes     -rdynamic CMakeFiles/cmTC_95499.dir/CheckIncludeFile.c.o  -o cmTC_95499 
make[1]: Leaving directory '/home/bartosz/Arko/allegro-5.2.7.0/build/CMakeFiles/CMakeTmp'



Determining if the function pthread_create exists in the pthread passed with the following output:
Change Dir: /home/bartosz/Arko/allegro-5.2.7.0/build/CMakeFiles/CMakeTmp

Run Build Command(s):/usr/bin/make cmTC_9bf58/fast && /usr/bin/make -f CMakeFiles/cmTC_9bf58.dir/build.make CMakeFiles/cmTC_9bf58.dir/build
make[1]: Entering directory '/home/bartosz/Arko/allegro-5.2.7.0/build/CMakeFiles/CMakeTmp'
Building C object CMakeFiles/cmTC_9bf58.dir/CheckFunctionExists.c.o
/usr/bin/cc   -msse -W -Wall -Wpointer-arith -Wmissing-declarations -Wstrict-prototypes -Wmissing-prototypes -DCHECK_FUNCTION_EXISTS=pthread_create   -o CMakeFiles/cmTC_9bf58.dir/CheckFunctionExists.c.o   -c /usr/share/cmake-3.16/Modules/CheckFunctionExists.c
Linking C executable cmTC_9bf58
/usr/bin/cmake -E cmake_link_script CMakeFiles/cmTC_9bf58.dir/link.txt --verbose=1
/usr/bin/cc  -msse -W -Wall -Wpointer-arith -Wmissing-declarations -Wstrict-prototypes -Wmissing-prototypes -DCHECK_FUNCTION_EXISTS=pthread_create    -rdynamic CMakeFiles/cmTC_9bf58.dir/CheckFunctionExists.c.o  -o cmTC_9bf58  -lpthread 
make[1]: Leaving directory '/home/bartosz/Arko/allegro-5.2.7.0/build/CMakeFiles/CMakeTmp'



Determining if the function XOpenDisplay exists in the /usr/lib/x86_64-linux-gnu/libX11.so;/usr/lib/x86_64-linux-gnu/libXext.so passed with the following output:
Change Dir: /home/bartosz/Arko/allegro-5.2.7.0/build/CMakeFiles/CMakeTmp

Run Build Command(s):/usr/bin/make cmTC_ec3f3/fast && /usr/bin/make -f CMakeFiles/cmTC_ec3f3.dir/build.make CMakeFiles/cmTC_ec3f3.dir/build
make[1]: Entering directory '/home/bartosz/Arko/allegro-5.2.7.0/build/CMakeFiles/CMakeTmp'
Building C object CMakeFiles/cmTC_ec3f3.dir/CheckFunctionExists.c.o
/usr/bin/cc   -msse -W -Wall -Wpointer-arith -Wmissing-declarations -Wstrict-prototypes -Wmissing-prototypes -DCHECK_FUNCTION_EXISTS=XOpenDisplay   -o CMakeFiles/cmTC_ec3f3.dir/CheckFunctionExists.c.o   -c /usr/share/cmake-3.16/Modules/CheckFunctionExists.c
Linking C executable cmTC_ec3f3
/usr/bin/cmake -E cmake_link_script CMakeFiles/cmTC_ec3f3.dir/link.txt --verbose=1
/usr/bin/cc  -msse -W -Wall -Wpointer-arith -Wmissing-declarations -Wstrict-prototypes -Wmissing-prototypes -DCHECK_FUNCTION_EXISTS=XOpenDisplay    -rdynamic CMakeFiles/cmTC_ec3f3.dir/CheckFunctionExists.c.o  -o cmTC_ec3f3  /usr/lib/x86_64-linux-gnu/libX11.so /usr/lib/x86_64-linux-gnu/libXext.so 
make[1]: Leaving directory '/home/bartosz/Arko/allegro-5.2.7.0/build/CMakeFiles/CMakeTmp'



Determining if the function gethostbyname exists passed with the following output:
Change Dir: /home/bartosz/Arko/allegro-5.2.7.0/build/CMakeFiles/CMakeTmp

Run Build Command(s):/usr/bin/make cmTC_065b8/fast && /usr/bin/make -f CMakeFiles/cmTC_065b8.dir/build.make CMakeFiles/cmTC_065b8.dir/build
make[1]: Entering directory '/home/bartosz/Arko/allegro-5.2.7.0/build/CMakeFiles/CMakeTmp'
Building C object CMakeFiles/cmTC_065b8.dir/CheckFunctionExists.c.o
/usr/bin/cc   -msse -W -Wall -Wpointer-arith -Wmissing-declarations -Wstrict-prototypes -Wmissing-prototypes -DCHECK_FUNCTION_EXISTS=gethostbyname   -o CMakeFiles/cmTC_065b8.dir/CheckFunctionExists.c.o   -c /usr/share/cmake-3.16/Modules/CheckFunctionExists.c
Linking C executable cmTC_065b8
/usr/bin/cmake -E cmake_link_script CMakeFiles/cmTC_065b8.dir/link.txt --verbose=1
/usr/bin/cc  -msse -W -Wall -Wpointer-arith -Wmissing-declarations -Wstrict-prototypes -Wmissing-prototypes -DCHECK_FUNCTION_EXISTS=gethostbyname    -rdynamic CMakeFiles/cmTC_065b8.dir/CheckFunctionExists.c.o  -o cmTC_065b8 
make[1]: Leaving directory '/home/bartosz/Arko/allegro-5.2.7.0/build/CMakeFiles/CMakeTmp'



Determining if the function connect exists passed with the following output:
Change Dir: /home/bartosz/Arko/allegro-5.2.7.0/build/CMakeFiles/CMakeTmp

Run Build Command(s):/usr/bin/make cmTC_6e70f/fast && /usr/bin/make -f CMakeFiles/cmTC_6e70f.dir/build.make CMakeFiles/cmTC_6e70f.dir/build
make[1]: Entering directory '/home/bartosz/Arko/allegro-5.2.7.0/build/CMakeFiles/CMakeTmp'
Building C object CMakeFiles/cmTC_6e70f.dir/CheckFunctionExists.c.o
/usr/bin/cc   -msse -W -Wall -Wpointer-arith -Wmissing-declarations -Wstrict-prototypes -Wmissing-prototypes -DCHECK_FUNCTION_EXISTS=connect   -o CMakeFiles/cmTC_6e70f.dir/CheckFunctionExists.c.o   -c /usr/share/cmake-3.16/Modules/CheckFunctionExists.c
Linking C executable cmTC_6e70f
/usr/bin/cmake -E cmake_link_script CMakeFiles/cmTC_6e70f.dir/link.txt --verbose=1
/usr/bin/cc  -msse -W -Wall -Wpointer-arith -Wmissing-declarations -Wstrict-prototypes -Wmissing-prototypes -DCHECK_FUNCTION_EXISTS=connect    -rdynamic CMakeFiles/cmTC_6e70f.dir/CheckFunctionExists.c.o  -o cmTC_6e70f 
make[1]: Leaving directory '/home/bartosz/Arko/allegro-5.2.7.0/build/CMakeFiles/CMakeTmp'



Determining if the function remove exists passed with the following output:
Change Dir: /home/bartosz/Arko/allegro-5.2.7.0/build/CMakeFiles/CMakeTmp

Run Build Command(s):/usr/bin/make cmTC_a6a81/fast && /usr/bin/make -f CMakeFiles/cmTC_a6a81.dir/build.make CMakeFiles/cmTC_a6a81.dir/build
make[1]: Entering directory '/home/bartosz/Arko/allegro-5.2.7.0/build/CMakeFiles/CMakeTmp'
Building C object CMakeFiles/cmTC_a6a81.dir/CheckFunctionExists.c.o
/usr/bin/cc   -msse -W -Wall -Wpointer-arith -Wmissing-declarations -Wstrict-prototypes -Wmissing-prototypes -DCHECK_FUNCTION_EXISTS=remove   -o CMakeFiles/cmTC_a6a81.dir/CheckFunctionExists.c.o   -c /usr/share/cmake-3.16/Modules/CheckFunctionExists.c
Linking C executable cmTC_a6a81
/usr/bin/cmake -E cmake_link_script CMakeFiles/cmTC_a6a81.dir/link.txt --verbose=1
/usr/bin/cc  -msse -W -Wall -Wpointer-arith -Wmissing-declarations -Wstrict-prototypes -Wmissing-prototypes -DCHECK_FUNCTION_EXISTS=remove    -rdynamic CMakeFiles/cmTC_a6a81.dir/CheckFunctionExists.c.o  -o cmTC_a6a81 
make[1]: Leaving directory '/home/bartosz/Arko/allegro-5.2.7.0/build/CMakeFiles/CMakeTmp'



Determining if the function shmat exists passed with the following output:
Change Dir: /home/bartosz/Arko/allegro-5.2.7.0/build/CMakeFiles/CMakeTmp

Run Build Command(s):/usr/bin/make cmTC_adea9/fast && /usr/bin/make -f CMakeFiles/cmTC_adea9.dir/build.make CMakeFiles/cmTC_adea9.dir/build
make[1]: Entering directory '/home/bartosz/Arko/allegro-5.2.7.0/build/CMakeFiles/CMakeTmp'
Building C object CMakeFiles/cmTC_adea9.dir/CheckFunctionExists.c.o
/usr/bin/cc   -msse -W -Wall -Wpointer-arith -Wmissing-declarations -Wstrict-prototypes -Wmissing-prototypes -DCHECK_FUNCTION_EXISTS=shmat   -o CMakeFiles/cmTC_adea9.dir/CheckFunctionExists.c.o   -c /usr/share/cmake-3.16/Modules/CheckFunctionExists.c
Linking C executable cmTC_adea9
/usr/bin/cmake -E cmake_link_script CMakeFiles/cmTC_adea9.dir/link.txt --verbose=1
/usr/bin/cc  -msse -W -Wall -Wpointer-arith -Wmissing-declarations -Wstrict-prototypes -Wmissing-prototypes -DCHECK_FUNCTION_EXISTS=shmat    -rdynamic CMakeFiles/cmTC_adea9.dir/CheckFunctionExists.c.o  -o cmTC_adea9 
make[1]: Leaving directory '/home/bartosz/Arko/allegro-5.2.7.0/build/CMakeFiles/CMakeTmp'



Determining if the function IceConnectionNumber exists in the ICE passed with the following output:
Change Dir: /home/bartosz/Arko/allegro-5.2.7.0/build/CMakeFiles/CMakeTmp

Run Build Command(s):/usr/bin/make cmTC_5c998/fast && /usr/bin/make -f CMakeFiles/cmTC_5c998.dir/build.make CMakeFiles/cmTC_5c998.dir/build
make[1]: Entering directory '/home/bartosz/Arko/allegro-5.2.7.0/build/CMakeFiles/CMakeTmp'
Building C object CMakeFiles/cmTC_5c998.dir/CheckFunctionExists.c.o
/usr/bin/cc   -msse -W -Wall -Wpointer-arith -Wmissing-declarations -Wstrict-prototypes -Wmissing-prototypes -DCHECK_FUNCTION_EXISTS=IceConnectionNumber   -o CMakeFiles/cmTC_5c998.dir/CheckFunctionExists.c.o   -c /usr/share/cmake-3.16/Modules/CheckFunctionExists.c
Linking C executable cmTC_5c998
/usr/bin/cmake -E cmake_link_script CMakeFiles/cmTC_5c998.dir/link.txt --verbose=1
/usr/bin/cc  -msse -W -Wall -Wpointer-arith -Wmissing-declarations -Wstrict-prototypes -Wmissing-prototypes -DCHECK_FUNCTION_EXISTS=IceConnectionNumber    -rdynamic CMakeFiles/cmTC_5c998.dir/CheckFunctionExists.c.o  -o cmTC_5c998  -lICE 
make[1]: Leaving directory '/home/bartosz/Arko/allegro-5.2.7.0/build/CMakeFiles/CMakeTmp'



Determining if the function XcursorImageCreate exists in the Xcursor passed with the following output:
Change Dir: /home/bartosz/Arko/allegro-5.2.7.0/build/CMakeFiles/CMakeTmp

Run Build Command(s):/usr/bin/make cmTC_15c11/fast && /usr/bin/make -f CMakeFiles/cmTC_15c11.dir/build.make CMakeFiles/cmTC_15c11.dir/build
make[1]: Entering directory '/home/bartosz/Arko/allegro-5.2.7.0/build/CMakeFiles/CMakeTmp'
Building C object CMakeFiles/cmTC_15c11.dir/CheckFunctionExists.c.o
/usr/bin/cc   -msse -W -Wall -Wpointer-arith -Wmissing-declarations -Wstrict-prototypes -Wmissing-prototypes -DCHECK_FUNCTION_EXISTS=XcursorImageCreate   -o CMakeFiles/cmTC_15c11.dir/CheckFunctionExists.c.o   -c /usr/share/cmake-3.16/Modules/CheckFunctionExists.c
Linking C executable cmTC_15c11
/usr/bin/cmake -E cmake_link_script CMakeFiles/cmTC_15c11.dir/link.txt --verbose=1
/usr/bin/cc  -msse -W -Wall -Wpointer-arith -Wmissing-declarations -Wstrict-prototypes -Wmissing-prototypes -DCHECK_FUNCTION_EXISTS=XcursorImageCreate    -rdynamic CMakeFiles/cmTC_15c11.dir/CheckFunctionExists.c.o  -o cmTC_15c11  -lXcursor /usr/lib/x86_64-linux-gnu/libSM.so /usr/lib/x86_64-linux-gnu/libICE.so /usr/lib/x86_64-linux-gnu/libX11.so /usr/lib/x86_64-linux-gnu/libXext.so 
make[1]: Leaving directory '/home/bartosz/Arko/allegro-5.2.7.0/build/CMakeFiles/CMakeTmp'



Determining if the function XOpenIM exists in the X11 passed with the following output:
Change Dir: /home/bartosz/Arko/allegro-5.2.7.0/build/CMakeFiles/CMakeTmp

Run Build Command(s):/usr/bin/make cmTC_b6746/fast && /usr/bin/make -f CMakeFiles/cmTC_b6746.dir/build.make CMakeFiles/cmTC_b6746.dir/build
make[1]: Entering directory '/home/bartosz/Arko/allegro-5.2.7.0/build/CMakeFiles/CMakeTmp'
Building C object CMakeFiles/cmTC_b6746.dir/CheckFunctionExists.c.o
/usr/bin/cc   -msse -W -Wall -Wpointer-arith -Wmissing-declarations -Wstrict-prototypes -Wmissing-prototypes -DCHECK_FUNCTION_EXISTS=XOpenIM   -o CMakeFiles/cmTC_b6746.dir/CheckFunctionExists.c.o   -c /usr/share/cmake-3.16/Modules/CheckFunctionExists.c
Linking C executable cmTC_b6746
/usr/bin/cmake -E cmake_link_script CMakeFiles/cmTC_b6746.dir/link.txt --verbose=1
/usr/bin/cc  -msse -W -Wall -Wpointer-arith -Wmissing-declarations -Wstrict-prototypes -Wmissing-prototypes -DCHECK_FUNCTION_EXISTS=XOpenIM    -rdynamic CMakeFiles/cmTC_b6746.dir/CheckFunctionExists.c.o  -o cmTC_b6746  -lX11 /usr/lib/x86_64-linux-gnu/libSM.so /usr/lib/x86_64-linux-gnu/libICE.so /usr/lib/x86_64-linux-gnu/libX11.so /usr/lib/x86_64-linux-gnu/libXext.so 
make[1]: Leaving directory '/home/bartosz/Arko/allegro-5.2.7.0/build/CMakeFiles/CMakeTmp'



Performing C SOURCE FILE Test OSS_COMPILES succeeded with the following output:
Change Dir: /home/bartosz/Arko/allegro-5.2.7.0/build/CMakeFiles/CMakeTmp

Run Build Command(s):/usr/bin/make cmTC_3fe3a/fast && /usr/bin/make -f CMakeFiles/cmTC_3fe3a.dir/build.make CMakeFiles/cmTC_3fe3a.dir/build
make[1]: Entering directory '/home/bartosz/Arko/allegro-5.2.7.0/build/CMakeFiles/CMakeTmp'
Building C object CMakeFiles/cmTC_3fe3a.dir/src.c.o
/usr/bin/cc -DALLEGRO_HAVE_LINUX_SOUNDCARD_H -DALLEGRO_HAVE_SYS_SOUNDCARD_H  -msse -W -Wall -Wpointer-arith -Wmissing-declarations -Wstrict-prototypes -Wmissing-prototypes -DOSS_COMPILES   -o CMakeFiles/cmTC_3fe3a.dir/src.c.o   -c /home/bartosz/Arko/allegro-5.2.7.0/build/CMakeFiles/CMakeTmp/src.c
/home/bartosz/Arko/allegro-5.2.7.0/build/CMakeFiles/CMakeTmp/src.c: In function main:
/home/bartosz/Arko/allegro-5.2.7.0/build/CMakeFiles/CMakeTmp/src.c:15:28: warning: unused variable abi [-Wunused-variable]
   15 |             audio_buf_info abi;
      |                            ^~~
Linking C executable cmTC_3fe3a
/usr/bin/cmake -E cmake_link_script CMakeFiles/cmTC_3fe3a.dir/link.txt --verbose=1
/usr/bin/cc  -msse -W -Wall -Wpointer-arith -Wmissing-declarations -Wstrict-prototypes -Wmissing-prototypes -DOSS_COMPILES    -rdynamic CMakeFiles/cmTC_3fe3a.dir/src.c.o  -o cmTC_3fe3a 
make[1]: Leaving directory '/home/bartosz/Arko/allegro-5.2.7.0/build/CMakeFiles/CMakeTmp'


Source file was:

        #ifdef ALLEGRO_HAVE_SOUNDCARD_H
        #include <soundcard.h>
        #endif
        #ifdef ALLEGRO_HAVE_SYS_SOUNDCARD_H
        #include <sys/soundcard.h>
        #endif
        #ifdef ALLEGRO_HAVE_LINUX_SOUNDCARD_H
        #include <linux/soundcard.h>
        #endif
        #ifdef ALLEGRO_HAVE_MACHINE_SOUNDCARD_H
        #include <machine/soundcard.h>
        #endif
        int main(void) {
            audio_buf_info abi;
            return 0;
        }
